mode: set
github.com/MakeNowJust/memefish/pkg/parser/ast.go:18.32,18.33 0 0
github.com/MakeNowJust/memefish/pkg/parser/ast.go:19.32,19.33 0 0
github.com/MakeNowJust/memefish/pkg/parser/ast.go:20.32,20.33 0 0
github.com/MakeNowJust/memefish/pkg/parser/ast.go:21.32,21.33 0 0
github.com/MakeNowJust/memefish/pkg/parser/ast.go:22.32,22.33 0 0
github.com/MakeNowJust/memefish/pkg/parser/ast.go:23.32,23.33 0 0
github.com/MakeNowJust/memefish/pkg/parser/ast.go:24.32,24.33 0 0
github.com/MakeNowJust/memefish/pkg/parser/ast.go:25.32,25.33 0 0
github.com/MakeNowJust/memefish/pkg/parser/ast.go:26.32,26.33 0 0
github.com/MakeNowJust/memefish/pkg/parser/ast.go:27.32,27.33 0 0
github.com/MakeNowJust/memefish/pkg/parser/ast.go:28.32,28.33 0 0
github.com/MakeNowJust/memefish/pkg/parser/ast.go:29.32,29.33 0 0
github.com/MakeNowJust/memefish/pkg/parser/ast.go:30.32,30.33 0 0
github.com/MakeNowJust/memefish/pkg/parser/ast.go:31.32,31.33 0 0
github.com/MakeNowJust/memefish/pkg/parser/ast.go:32.32,32.33 0 0
github.com/MakeNowJust/memefish/pkg/parser/ast.go:33.32,33.33 0 0
github.com/MakeNowJust/memefish/pkg/parser/ast.go:34.32,34.33 0 0
github.com/MakeNowJust/memefish/pkg/parser/ast.go:35.32,35.33 0 0
github.com/MakeNowJust/memefish/pkg/parser/ast.go:36.32,36.33 0 0
github.com/MakeNowJust/memefish/pkg/parser/ast.go:37.32,37.33 0 0
github.com/MakeNowJust/memefish/pkg/parser/ast.go:38.32,38.33 0 0
github.com/MakeNowJust/memefish/pkg/parser/ast.go:39.32,39.33 0 0
github.com/MakeNowJust/memefish/pkg/parser/ast.go:40.32,40.33 0 0
github.com/MakeNowJust/memefish/pkg/parser/ast.go:41.32,41.33 0 0
github.com/MakeNowJust/memefish/pkg/parser/ast.go:42.32,42.33 0 0
github.com/MakeNowJust/memefish/pkg/parser/ast.go:43.32,43.33 0 0
github.com/MakeNowJust/memefish/pkg/parser/ast.go:44.32,44.33 0 0
github.com/MakeNowJust/memefish/pkg/parser/ast.go:45.32,45.33 0 0
github.com/MakeNowJust/memefish/pkg/parser/ast.go:46.32,46.33 0 0
github.com/MakeNowJust/memefish/pkg/parser/ast.go:54.52,57.2 2 1
github.com/MakeNowJust/memefish/pkg/parser/ast.go:59.41,62.2 2 1
github.com/MakeNowJust/memefish/pkg/parser/ast.go:64.59,67.2 2 1
github.com/MakeNowJust/memefish/pkg/parser/ast.go:69.48,72.2 2 0
github.com/MakeNowJust/memefish/pkg/parser/ast.go:74.58,77.2 2 0
github.com/MakeNowJust/memefish/pkg/parser/ast.go:79.47,82.2 2 1
github.com/MakeNowJust/memefish/pkg/parser/ast.go:89.39,89.40 0 0
github.com/MakeNowJust/memefish/pkg/parser/ast.go:90.39,90.40 0 0
github.com/MakeNowJust/memefish/pkg/parser/ast.go:91.39,91.40 0 0
github.com/MakeNowJust/memefish/pkg/parser/ast.go:92.39,92.40 0 0
github.com/MakeNowJust/memefish/pkg/parser/ast.go:93.39,93.40 0 0
github.com/MakeNowJust/memefish/pkg/parser/ast.go:94.39,94.40 0 0
github.com/MakeNowJust/memefish/pkg/parser/ast.go:101.35,101.36 0 0
github.com/MakeNowJust/memefish/pkg/parser/ast.go:102.35,102.36 0 0
github.com/MakeNowJust/memefish/pkg/parser/ast.go:103.35,103.36 0 0
github.com/MakeNowJust/memefish/pkg/parser/ast.go:110.35,110.36 0 0
github.com/MakeNowJust/memefish/pkg/parser/ast.go:111.35,111.36 0 0
github.com/MakeNowJust/memefish/pkg/parser/ast.go:112.35,112.36 0 0
github.com/MakeNowJust/memefish/pkg/parser/ast.go:113.35,113.36 0 0
github.com/MakeNowJust/memefish/pkg/parser/lexer.go:54.27,56.2 1 1
github.com/MakeNowJust/memefish/pkg/parser/lexer.go:58.30,60.2 1 1
github.com/MakeNowJust/memefish/pkg/parser/lexer.go:62.32,64.2 1 1
github.com/MakeNowJust/memefish/pkg/parser/lexer.go:66.32,68.2 1 1
github.com/MakeNowJust/memefish/pkg/parser/lexer.go:70.31,72.2 1 1
github.com/MakeNowJust/memefish/pkg/parser/lexer.go:74.39,75.11 1 1
github.com/MakeNowJust/memefish/pkg/parser/lexer.go:79.2,79.14 1 1
github.com/MakeNowJust/memefish/pkg/parser/lexer.go:76.40,77.14 1 1
github.com/MakeNowJust/memefish/pkg/parser/lexer.go:82.29,94.16 8 1
github.com/MakeNowJust/memefish/pkg/parser/lexer.go:100.2,101.26 2 1
github.com/MakeNowJust/memefish/pkg/parser/lexer.go:94.16,97.3 2 1
github.com/MakeNowJust/memefish/pkg/parser/lexer.go:97.8,99.3 1 1
github.com/MakeNowJust/memefish/pkg/parser/lexer.go:104.29,105.13 1 1
github.com/MakeNowJust/memefish/pkg/parser/lexer.go:110.2,110.19 1 1
github.com/MakeNowJust/memefish/pkg/parser/lexer.go:211.2,211.29 1 1
github.com/MakeNowJust/memefish/pkg/parser/lexer.go:228.2,228.59 1 1
github.com/MakeNowJust/memefish/pkg/parser/lexer.go:105.13,108.3 2 1
github.com/MakeNowJust/memefish/pkg/parser/lexer.go:111.81,113.9 2 1
github.com/MakeNowJust/memefish/pkg/parser/lexer.go:114.16,116.9 2 1
github.com/MakeNowJust/memefish/pkg/parser/lexer.go:117.11,119.57 2 1
github.com/MakeNowJust/memefish/pkg/parser/lexer.go:126.3,126.9 1 1
github.com/MakeNowJust/memefish/pkg/parser/lexer.go:127.11,128.10 1 1
github.com/MakeNowJust/memefish/pkg/parser/lexer.go:142.3,142.9 1 1
github.com/MakeNowJust/memefish/pkg/parser/lexer.go:143.11,144.10 1 1
github.com/MakeNowJust/memefish/pkg/parser/lexer.go:155.3,155.9 1 1
github.com/MakeNowJust/memefish/pkg/parser/lexer.go:156.11,157.23 1 1
github.com/MakeNowJust/memefish/pkg/parser/lexer.go:162.11,163.45 1 1
github.com/MakeNowJust/memefish/pkg/parser/lexer.go:173.3,175.9 3 1
github.com/MakeNowJust/memefish/pkg/parser/lexer.go:176.11,179.9 3 1
github.com/MakeNowJust/memefish/pkg/parser/lexer.go:180.56,182.9 2 1
github.com/MakeNowJust/memefish/pkg/parser/lexer.go:183.37,186.41 2 1
github.com/MakeNowJust/memefish/pkg/parser/lexer.go:119.57,121.4 1 1
github.com/MakeNowJust/memefish/pkg/parser/lexer.go:121.9,125.4 3 1
github.com/MakeNowJust/memefish/pkg/parser/lexer.go:129.25,131.23 2 1
github.com/MakeNowJust/memefish/pkg/parser/lexer.go:132.25,134.23 2 1
github.com/MakeNowJust/memefish/pkg/parser/lexer.go:135.25,137.23 2 1
github.com/MakeNowJust/memefish/pkg/parser/lexer.go:138.11,140.22 2 1
github.com/MakeNowJust/memefish/pkg/parser/lexer.go:145.25,147.23 2 1
github.com/MakeNowJust/memefish/pkg/parser/lexer.go:148.25,150.23 2 1
github.com/MakeNowJust/memefish/pkg/parser/lexer.go:151.11,153.22 2 1
github.com/MakeNowJust/memefish/pkg/parser/lexer.go:157.23,161.4 3 1
github.com/MakeNowJust/memefish/pkg/parser/lexer.go:163.45,165.46 2 1
github.com/MakeNowJust/memefish/pkg/parser/lexer.go:168.4,171.10 4 1
github.com/MakeNowJust/memefish/pkg/parser/lexer.go:165.46,167.5 1 1
github.com/MakeNowJust/memefish/pkg/parser/lexer.go:186.41,187.11 1 1
github.com/MakeNowJust/memefish/pkg/parser/lexer.go:188.58,189.17 1 1
github.com/MakeNowJust/memefish/pkg/parser/lexer.go:190.56,191.15 1 1
github.com/MakeNowJust/memefish/pkg/parser/lexer.go:192.47,194.12 2 1
github.com/MakeNowJust/memefish/pkg/parser/lexer.go:204.5,204.11 1 1
github.com/MakeNowJust/memefish/pkg/parser/lexer.go:205.12,206.15 1 1
github.com/MakeNowJust/memefish/pkg/parser/lexer.go:195.23,196.22 1 1
github.com/MakeNowJust/memefish/pkg/parser/lexer.go:197.16,198.19 1 1
github.com/MakeNowJust/memefish/pkg/parser/lexer.go:199.14,200.23 1 1
github.com/MakeNowJust/memefish/pkg/parser/lexer.go:201.13,202.20 1 1
github.com/MakeNowJust/memefish/pkg/parser/lexer.go:211.29,213.45 2 1
github.com/MakeNowJust/memefish/pkg/parser/lexer.go:216.3,219.34 4 1
github.com/MakeNowJust/memefish/pkg/parser/lexer.go:225.3,225.9 1 1
github.com/MakeNowJust/memefish/pkg/parser/lexer.go:213.45,215.4 1 1
github.com/MakeNowJust/memefish/pkg/parser/lexer.go:219.34,221.4 1 1
github.com/MakeNowJust/memefish/pkg/parser/lexer.go:221.9,224.4 2 1
github.com/MakeNowJust/memefish/pkg/parser/lexer.go:231.34,232.43 1 1
github.com/MakeNowJust/memefish/pkg/parser/lexer.go:243.2,243.15 1 1
github.com/MakeNowJust/memefish/pkg/parser/lexer.go:232.43,234.45 2 1
github.com/MakeNowJust/memefish/pkg/parser/lexer.go:237.3,240.9 4 1
github.com/MakeNowJust/memefish/pkg/parser/lexer.go:234.45,236.4 1 1
github.com/MakeNowJust/memefish/pkg/parser/lexer.go:246.30,253.68 3 1
github.com/MakeNowJust/memefish/pkg/parser/lexer.go:258.2,260.18 2 1
github.com/MakeNowJust/memefish/pkg/parser/lexer.go:290.2,291.9 2 1
github.com/MakeNowJust/memefish/pkg/parser/lexer.go:253.68,256.3 2 1
github.com/MakeNowJust/memefish/pkg/parser/lexer.go:260.18,262.10 2 1
github.com/MakeNowJust/memefish/pkg/parser/lexer.go:287.3,287.8 1 1
github.com/MakeNowJust/memefish/pkg/parser/lexer.go:263.33,265.12 2 1
github.com/MakeNowJust/memefish/pkg/parser/lexer.go:266.36,268.12 2 1
github.com/MakeNowJust/memefish/pkg/parser/lexer.go:269.46,272.12 3 1
github.com/MakeNowJust/memefish/pkg/parser/lexer.go:273.53,276.44 3 1
github.com/MakeNowJust/memefish/pkg/parser/lexer.go:279.4,279.44 1 1
github.com/MakeNowJust/memefish/pkg/parser/lexer.go:283.4,285.12 3 1
github.com/MakeNowJust/memefish/pkg/parser/lexer.go:276.44,278.5 1 1
github.com/MakeNowJust/memefish/pkg/parser/lexer.go:279.44,281.10 2 1
github.com/MakeNowJust/memefish/pkg/parser/lexer.go:291.9,293.3 1 1
github.com/MakeNowJust/memefish/pkg/parser/lexer.go:293.8,295.3 1 1
github.com/MakeNowJust/memefish/pkg/parser/lexer.go:298.32,301.2 2 1
github.com/MakeNowJust/memefish/pkg/parser/lexer.go:303.29,306.2 2 1
github.com/MakeNowJust/memefish/pkg/parser/lexer.go:308.33,311.2 2 1
github.com/MakeNowJust/memefish/pkg/parser/lexer.go:313.30,316.2 2 1
github.com/MakeNowJust/memefish/pkg/parser/lexer.go:318.40,321.27 3 1
github.com/MakeNowJust/memefish/pkg/parser/lexer.go:324.2,327.27 3 1
github.com/MakeNowJust/memefish/pkg/parser/lexer.go:335.2,335.9 1 1
github.com/MakeNowJust/memefish/pkg/parser/lexer.go:321.27,323.3 1 0
github.com/MakeNowJust/memefish/pkg/parser/lexer.go:327.27,328.22 1 1
github.com/MakeNowJust/memefish/pkg/parser/lexer.go:332.3,332.6 1 1
github.com/MakeNowJust/memefish/pkg/parser/lexer.go:328.22,330.9 2 1
github.com/MakeNowJust/memefish/pkg/parser/lexer.go:336.26,337.15 1 1
github.com/MakeNowJust/memefish/pkg/parser/lexer.go:338.27,339.15 1 1
github.com/MakeNowJust/memefish/pkg/parser/lexer.go:340.10,341.27 1 1
github.com/MakeNowJust/memefish/pkg/parser/lexer.go:345.84,348.17 1 1
github.com/MakeNowJust/memefish/pkg/parser/lexer.go:352.2,355.18 3 1
github.com/MakeNowJust/memefish/pkg/parser/lexer.go:452.2,452.38 1 1
github.com/MakeNowJust/memefish/pkg/parser/lexer.go:348.17,350.3 1 1
github.com/MakeNowJust/memefish/pkg/parser/lexer.go:355.18,356.32 1 1
github.com/MakeNowJust/memefish/pkg/parser/lexer.go:361.3,362.16 2 1
github.com/MakeNowJust/memefish/pkg/parser/lexer.go:444.3,444.31 1 1
github.com/MakeNowJust/memefish/pkg/parser/lexer.go:448.3,449.6 2 1
github.com/MakeNowJust/memefish/pkg/parser/lexer.go:356.32,359.4 2 1
github.com/MakeNowJust/memefish/pkg/parser/lexer.go:362.16,364.20 2 1
github.com/MakeNowJust/memefish/pkg/parser/lexer.go:368.4,371.11 3 1
github.com/MakeNowJust/memefish/pkg/parser/lexer.go:376.4,376.13 1 1
github.com/MakeNowJust/memefish/pkg/parser/lexer.go:441.4,441.12 1 1
github.com/MakeNowJust/memefish/pkg/parser/lexer.go:364.20,366.5 1 1
github.com/MakeNowJust/memefish/pkg/parser/lexer.go:371.11,373.13 2 1
github.com/MakeNowJust/memefish/pkg/parser/lexer.go:377.13,378.36 1 1
github.com/MakeNowJust/memefish/pkg/parser/lexer.go:379.13,380.36 1 1
github.com/MakeNowJust/memefish/pkg/parser/lexer.go:381.13,382.36 1 1
github.com/MakeNowJust/memefish/pkg/parser/lexer.go:383.13,384.36 1 1
github.com/MakeNowJust/memefish/pkg/parser/lexer.go:385.13,386.36 1 1
github.com/MakeNowJust/memefish/pkg/parser/lexer.go:387.13,388.36 1 1
github.com/MakeNowJust/memefish/pkg/parser/lexer.go:389.13,390.36 1 1
github.com/MakeNowJust/memefish/pkg/parser/lexer.go:391.35,392.33 1 1
github.com/MakeNowJust/memefish/pkg/parser/lexer.go:393.18,394.77 1 1
github.com/MakeNowJust/memefish/pkg/parser/lexer.go:397.5,398.19 2 1
github.com/MakeNowJust/memefish/pkg/parser/lexer.go:401.5,402.11 2 1
github.com/MakeNowJust/memefish/pkg/parser/lexer.go:403.18,404.17 1 1
github.com/MakeNowJust/memefish/pkg/parser/lexer.go:407.5,408.17 2 1
github.com/MakeNowJust/memefish/pkg/parser/lexer.go:411.5,411.31 1 1
github.com/MakeNowJust/memefish/pkg/parser/lexer.go:416.5,417.19 2 1
github.com/MakeNowJust/memefish/pkg/parser/lexer.go:420.5,420.51 1 1
github.com/MakeNowJust/memefish/pkg/parser/lexer.go:423.5,426.14 4 1
github.com/MakeNowJust/memefish/pkg/parser/lexer.go:427.28,428.81 1 1
github.com/MakeNowJust/memefish/pkg/parser/lexer.go:431.5,432.19 2 1
github.com/MakeNowJust/memefish/pkg/parser/lexer.go:435.5,436.11 2 1
github.com/MakeNowJust/memefish/pkg/parser/lexer.go:437.12,438.49 1 1
github.com/MakeNowJust/memefish/pkg/parser/lexer.go:394.77,396.6 1 1
github.com/MakeNowJust/memefish/pkg/parser/lexer.go:398.19,400.6 1 0
github.com/MakeNowJust/memefish/pkg/parser/lexer.go:404.17,406.6 1 1
github.com/MakeNowJust/memefish/pkg/parser/lexer.go:408.17,410.6 1 1
github.com/MakeNowJust/memefish/pkg/parser/lexer.go:411.31,412.53 1 1
github.com/MakeNowJust/memefish/pkg/parser/lexer.go:412.53,414.7 1 0
github.com/MakeNowJust/memefish/pkg/parser/lexer.go:417.19,419.6 1 0
github.com/MakeNowJust/memefish/pkg/parser/lexer.go:420.51,422.6 1 1
github.com/MakeNowJust/memefish/pkg/parser/lexer.go:428.81,430.6 1 1
github.com/MakeNowJust/memefish/pkg/parser/lexer.go:432.19,434.6 1 0
github.com/MakeNowJust/memefish/pkg/parser/lexer.go:444.31,446.4 1 1
github.com/MakeNowJust/memefish/pkg/parser/lexer.go:455.30,456.15 1 1
github.com/MakeNowJust/memefish/pkg/parser/lexer.go:456.15,458.10 2 1
github.com/MakeNowJust/memefish/pkg/parser/lexer.go:459.27,460.17 1 1
github.com/MakeNowJust/memefish/pkg/parser/lexer.go:461.81,462.23 1 1
github.com/MakeNowJust/memefish/pkg/parser/lexer.go:463.37,464.23 1 1
github.com/MakeNowJust/memefish/pkg/parser/lexer.go:465.11,466.10 1 1
github.com/MakeNowJust/memefish/pkg/parser/lexer.go:471.41,472.15 1 1
github.com/MakeNowJust/memefish/pkg/parser/lexer.go:472.15,473.34 1 1
github.com/MakeNowJust/memefish/pkg/parser/lexer.go:477.3,477.11 1 1
github.com/MakeNowJust/memefish/pkg/parser/lexer.go:473.34,476.4 2 1
github.com/MakeNowJust/memefish/pkg/parser/lexer.go:481.34,483.2 1 1
github.com/MakeNowJust/memefish/pkg/parser/lexer.go:485.36,487.2 1 1
github.com/MakeNowJust/memefish/pkg/parser/lexer.go:489.44,491.2 1 1
github.com/MakeNowJust/memefish/pkg/parser/lexer.go:493.29,497.2 3 1
github.com/MakeNowJust/memefish/pkg/parser/lexer.go:499.30,501.2 1 1
github.com/MakeNowJust/memefish/pkg/parser/lexer.go:503.46,505.2 1 1
github.com/MakeNowJust/memefish/pkg/parser/lexer.go:507.28,509.2 1 1
github.com/MakeNowJust/memefish/pkg/parser/lexer.go:511.65,516.2 1 1
github.com/MakeNowJust/memefish/pkg/parser/lexer.go:518.58,519.32 1 1
github.com/MakeNowJust/memefish/pkg/parser/parser.go:12.65,13.15 1 1
github.com/MakeNowJust/memefish/pkg/parser/parser.go:24.2,26.30 3 1
github.com/MakeNowJust/memefish/pkg/parser/parser.go:29.2,29.8 1 1
github.com/MakeNowJust/memefish/pkg/parser/parser.go:13.15,14.31 1 1
github.com/MakeNowJust/memefish/pkg/parser/parser.go:14.31,16.30 2 0
github.com/MakeNowJust/memefish/pkg/parser/parser.go:16.30,18.5 1 0
github.com/MakeNowJust/memefish/pkg/parser/parser.go:18.10,19.13 1 0
github.com/MakeNowJust/memefish/pkg/parser/parser.go:26.30,28.3 1 0
github.com/MakeNowJust/memefish/pkg/parser/parser.go:32.53,33.15 1 0
github.com/MakeNowJust/memefish/pkg/parser/parser.go:44.2,46.30 3 0
github.com/MakeNowJust/memefish/pkg/parser/parser.go:49.2,49.8 1 0
github.com/MakeNowJust/memefish/pkg/parser/parser.go:33.15,34.31 1 0
github.com/MakeNowJust/memefish/pkg/parser/parser.go:34.31,36.30 2 0
github.com/MakeNowJust/memefish/pkg/parser/parser.go:36.30,38.5 1 0
github.com/MakeNowJust/memefish/pkg/parser/parser.go:38.10,39.13 1 0
github.com/MakeNowJust/memefish/pkg/parser/parser.go:46.30,48.3 1 0
github.com/MakeNowJust/memefish/pkg/parser/parser.go:52.56,60.2 3 1
github.com/MakeNowJust/memefish/pkg/parser/parser.go:62.36,63.25 1 1
github.com/MakeNowJust/memefish/pkg/parser/parser.go:67.2,75.31 4 1
github.com/MakeNowJust/memefish/pkg/parser/parser.go:86.2,88.13 2 1
github.com/MakeNowJust/memefish/pkg/parser/parser.go:63.25,65.3 1 1
github.com/MakeNowJust/memefish/pkg/parser/parser.go:75.31,81.26 5 1
github.com/MakeNowJust/memefish/pkg/parser/parser.go:84.3,84.16 1 0
github.com/MakeNowJust/memefish/pkg/parser/parser.go:81.26,82.9 1 1
github.com/MakeNowJust/memefish/pkg/parser/parser.go:91.45,95.6 2 1
github.com/MakeNowJust/memefish/pkg/parser/parser.go:138.2,138.34 1 1
github.com/MakeNowJust/memefish/pkg/parser/parser.go:95.6,97.23 2 1
github.com/MakeNowJust/memefish/pkg/parser/parser.go:107.3,111.23 4 1
github.com/MakeNowJust/memefish/pkg/parser/parser.go:119.3,122.38 3 1
github.com/MakeNowJust/memefish/pkg/parser/parser.go:98.16,99.19 1 1
github.com/MakeNowJust/memefish/pkg/parser/parser.go:100.20,101.23 1 1
github.com/MakeNowJust/memefish/pkg/parser/parser.go:102.17,103.20 1 1
github.com/MakeNowJust/memefish/pkg/parser/parser.go:104.11,105.15 1 1
github.com/MakeNowJust/memefish/pkg/parser/parser.go:112.14,113.20 1 1
github.com/MakeNowJust/memefish/pkg/parser/parser.go:114.19,115.19 1 1
github.com/MakeNowJust/memefish/pkg/parser/parser.go:116.11,117.85 1 0
github.com/MakeNowJust/memefish/pkg/parser/parser.go:122.38,123.47 1 1
github.com/MakeNowJust/memefish/pkg/parser/parser.go:126.4,127.19 2 1
github.com/MakeNowJust/memefish/pkg/parser/parser.go:123.47,125.5 1 0
github.com/MakeNowJust/memefish/pkg/parser/parser.go:128.9,135.4 1 1
github.com/MakeNowJust/memefish/pkg/parser/parser.go:141.51,142.41 1 1
github.com/MakeNowJust/memefish/pkg/parser/parser.go:150.2,150.25 1 1
github.com/MakeNowJust/memefish/pkg/parser/parser.go:164.2,164.24 1 1
github.com/MakeNowJust/memefish/pkg/parser/parser.go:142.41,147.3 1 1
github.com/MakeNowJust/memefish/pkg/parser/parser.go:150.25,163.3 5 0
github.com/MakeNowJust/memefish/pkg/parser/parser.go:167.40,170.32 3 1
github.com/MakeNowJust/memefish/pkg/parser/parser.go:174.2,175.26 2 1
github.com/MakeNowJust/memefish/pkg/parser/parser.go:181.2,185.28 4 1
github.com/MakeNowJust/memefish/pkg/parser/parser.go:191.2,192.29 2 1
github.com/MakeNowJust/memefish/pkg/parser/parser.go:198.2,199.29 2 1
github.com/MakeNowJust/memefish/pkg/parser/parser.go:213.2,214.30 2 1
github.com/MakeNowJust/memefish/pkg/parser/parser.go:220.2,230.3 1 1
github.com/MakeNowJust/memefish/pkg/parser/parser.go:170.32,173.3 2 1
github.com/MakeNowJust/memefish/pkg/parser/parser.go:175.26,179.3 3 1
github.com/MakeNowJust/memefish/pkg/parser/parser.go:185.28,189.3 3 1
github.com/MakeNowJust/memefish/pkg/parser/parser.go:192.29,196.3 3 1
github.com/MakeNowJust/memefish/pkg/parser/parser.go:199.29,203.32 4 1
github.com/MakeNowJust/memefish/pkg/parser/parser.go:210.3,210.22 1 1
github.com/MakeNowJust/memefish/pkg/parser/parser.go:203.32,204.27 1 1
github.com/MakeNowJust/memefish/pkg/parser/parser.go:207.4,208.44 2 1
github.com/MakeNowJust/memefish/pkg/parser/parser.go:204.27,205.10 1 1
github.com/MakeNowJust/memefish/pkg/parser/parser.go:214.30,218.3 3 1
github.com/MakeNowJust/memefish/pkg/parser/parser.go:233.55,235.31 2 1
github.com/MakeNowJust/memefish/pkg/parser/parser.go:242.2,242.11 1 1
github.com/MakeNowJust/memefish/pkg/parser/parser.go:235.31,236.26 1 1
github.com/MakeNowJust/memefish/pkg/parser/parser.go:239.3,240.39 2 1
github.com/MakeNowJust/memefish/pkg/parser/parser.go:236.26,237.9 1 1
github.com/MakeNowJust/memefish/pkg/parser/parser.go:245.48,246.25 1 1
github.com/MakeNowJust/memefish/pkg/parser/parser.go:256.2,258.22 3 1
github.com/MakeNowJust/memefish/pkg/parser/parser.go:296.2,300.3 1 1
github.com/MakeNowJust/memefish/pkg/parser/parser.go:246.25,254.3 3 1
github.com/MakeNowJust/memefish/pkg/parser/parser.go:259.18,271.12 3 1
github.com/MakeNowJust/memefish/pkg/parser/parser.go:272.12,284.4 3 1
github.com/MakeNowJust/memefish/pkg/parser/parser.go:285.11,293.4 3 1
github.com/MakeNowJust/memefish/pkg/parser/parser.go:303.51,305.31 2 1
github.com/MakeNowJust/memefish/pkg/parser/parser.go:312.2,312.13 1 1
github.com/MakeNowJust/memefish/pkg/parser/parser.go:305.31,306.26 1 1
github.com/MakeNowJust/memefish/pkg/parser/parser.go:309.3,310.41 2 1
github.com/MakeNowJust/memefish/pkg/parser/parser.go:306.26,307.9 1 1
github.com/MakeNowJust/memefish/pkg/parser/parser.go:315.44,321.35 6 1
github.com/MakeNowJust/memefish/pkg/parser/parser.go:342.2,348.3 1 1
github.com/MakeNowJust/memefish/pkg/parser/parser.go:321.35,324.10 3 1
github.com/MakeNowJust/memefish/pkg/parser/parser.go:332.3,334.29 3 1
github.com/MakeNowJust/memefish/pkg/parser/parser.go:340.3,340.26 1 1
github.com/MakeNowJust/memefish/pkg/parser/parser.go:325.52,326.39 1 1
github.com/MakeNowJust/memefish/pkg/parser/parser.go:327.52,328.39 1 1
github.com/MakeNowJust/memefish/pkg/parser/parser.go:329.11,330.96 1 0
github.com/MakeNowJust/memefish/pkg/parser/parser.go:334.29,337.4 2 1
github.com/MakeNowJust/memefish/pkg/parser/parser.go:337.9,337.84 1 1
github.com/MakeNowJust/memefish/pkg/parser/parser.go:337.84,339.4 1 0
github.com/MakeNowJust/memefish/pkg/parser/parser.go:351.54,353.6 2 1
github.com/MakeNowJust/memefish/pkg/parser/parser.go:353.6,354.41 1 1
github.com/MakeNowJust/memefish/pkg/parser/parser.go:358.3,359.23 2 1
github.com/MakeNowJust/memefish/pkg/parser/parser.go:390.3,391.29 2 1
github.com/MakeNowJust/memefish/pkg/parser/parser.go:406.3,406.13 1 1
github.com/MakeNowJust/memefish/pkg/parser/parser.go:415.3,418.22 3 1
github.com/MakeNowJust/memefish/pkg/parser/parser.go:429.3,433.23 5 1
github.com/MakeNowJust/memefish/pkg/parser/parser.go:458.3,470.4 1 1
github.com/MakeNowJust/memefish/pkg/parser/parser.go:354.41,356.4 1 1
github.com/MakeNowJust/memefish/pkg/parser/parser.go:360.16,362.17 2 1
github.com/MakeNowJust/memefish/pkg/parser/parser.go:363.16,366.17 3 1
github.com/MakeNowJust/memefish/pkg/parser/parser.go:367.15,369.31 2 1
github.com/MakeNowJust/memefish/pkg/parser/parser.go:372.4,373.17 2 1
github.com/MakeNowJust/memefish/pkg/parser/parser.go:374.15,376.31 2 1
github.com/MakeNowJust/memefish/pkg/parser/parser.go:379.4,380.17 2 1
github.com/MakeNowJust/memefish/pkg/parser/parser.go:381.16,383.31 2 1
github.com/MakeNowJust/memefish/pkg/parser/parser.go:386.4,387.17 2 1
github.com/MakeNowJust/memefish/pkg/parser/parser.go:369.31,371.5 1 1
github.com/MakeNowJust/memefish/pkg/parser/parser.go:376.31,378.5 1 1
github.com/MakeNowJust/memefish/pkg/parser/parser.go:383.31,385.5 1 1
github.com/MakeNowJust/memefish/pkg/parser/parser.go:391.29,395.4 3 1
github.com/MakeNowJust/memefish/pkg/parser/parser.go:395.9,395.40 1 1
github.com/MakeNowJust/memefish/pkg/parser/parser.go:395.40,396.47 1 1
github.com/MakeNowJust/memefish/pkg/parser/parser.go:396.47,400.5 3 1
github.com/MakeNowJust/memefish/pkg/parser/parser.go:400.10,400.53 1 1
github.com/MakeNowJust/memefish/pkg/parser/parser.go:400.53,404.5 3 1
github.com/MakeNowJust/memefish/pkg/parser/parser.go:406.13,409.4 2 1
github.com/MakeNowJust/memefish/pkg/parser/parser.go:409.9,409.36 1 1
github.com/MakeNowJust/memefish/pkg/parser/parser.go:409.36,411.4 1 1
github.com/MakeNowJust/memefish/pkg/parser/parser.go:411.9,413.4 1 1
github.com/MakeNowJust/memefish/pkg/parser/parser.go:418.22,426.12 2 1
github.com/MakeNowJust/memefish/pkg/parser/parser.go:434.16,438.27 4 1
github.com/MakeNowJust/memefish/pkg/parser/parser.go:452.4,452.27 1 1
github.com/MakeNowJust/memefish/pkg/parser/parser.go:453.13,456.18 3 1
github.com/MakeNowJust/memefish/pkg/parser/parser.go:438.27,439.34 1 1
github.com/MakeNowJust/memefish/pkg/parser/parser.go:439.34,446.29 3 1
github.com/MakeNowJust/memefish/pkg/parser/parser.go:449.6,449.19 1 1
github.com/MakeNowJust/memefish/pkg/parser/parser.go:446.29,447.12 1 1
github.com/MakeNowJust/memefish/pkg/parser/parser.go:474.49,475.41 1 1
github.com/MakeNowJust/memefish/pkg/parser/parser.go:479.2,479.25 1 1
github.com/MakeNowJust/memefish/pkg/parser/parser.go:491.2,491.30 1 1
github.com/MakeNowJust/memefish/pkg/parser/parser.go:500.2,500.32 1 1
github.com/MakeNowJust/memefish/pkg/parser/parser.go:523.2,523.95 1 0
github.com/MakeNowJust/memefish/pkg/parser/parser.go:475.41,477.3 1 1
github.com/MakeNowJust/memefish/pkg/parser/parser.go:479.25,489.3 5 1
github.com/MakeNowJust/memefish/pkg/parser/parser.go:491.30,498.3 6 1
github.com/MakeNowJust/memefish/pkg/parser/parser.go:500.32,505.16 5 1
github.com/MakeNowJust/memefish/pkg/parser/parser.go:510.3,510.24 1 1
github.com/MakeNowJust/memefish/pkg/parser/parser.go:520.3,520.11 1 1
github.com/MakeNowJust/memefish/pkg/parser/parser.go:505.16,507.4 1 1
github.com/MakeNowJust/memefish/pkg/parser/parser.go:507.9,507.25 1 1
github.com/MakeNowJust/memefish/pkg/parser/parser.go:507.25,509.4 1 1
github.com/MakeNowJust/memefish/pkg/parser/parser.go:511.19,514.15 3 1
github.com/MakeNowJust/memefish/pkg/parser/parser.go:515.18,518.15 3 1
github.com/MakeNowJust/memefish/pkg/parser/parser.go:526.39,535.31 4 1
github.com/MakeNowJust/memefish/pkg/parser/parser.go:547.2,547.21 1 1
github.com/MakeNowJust/memefish/pkg/parser/parser.go:553.2,557.3 1 1
github.com/MakeNowJust/memefish/pkg/parser/parser.go:535.31,536.26 1 1
github.com/MakeNowJust/memefish/pkg/parser/parser.go:539.3,545.5 3 1
github.com/MakeNowJust/memefish/pkg/parser/parser.go:536.26,537.9 1 1
github.com/MakeNowJust/memefish/pkg/parser/parser.go:547.21,552.3 1 1
github.com/MakeNowJust/memefish/pkg/parser/parser.go:560.77,564.15 4 1
github.com/MakeNowJust/memefish/pkg/parser/parser.go:569.2,574.3 1 1
github.com/MakeNowJust/memefish/pkg/parser/parser.go:564.15,566.3 1 1
github.com/MakeNowJust/memefish/pkg/parser/parser.go:566.8,566.24 1 1
github.com/MakeNowJust/memefish/pkg/parser/parser.go:566.24,568.3 1 0
github.com/MakeNowJust/memefish/pkg/parser/parser.go:577.70,580.15 3 1
github.com/MakeNowJust/memefish/pkg/parser/parser.go:585.2,587.28 3 1
github.com/MakeNowJust/memefish/pkg/parser/parser.go:600.2,608.3 1 1
github.com/MakeNowJust/memefish/pkg/parser/parser.go:580.15,582.3 1 1
github.com/MakeNowJust/memefish/pkg/parser/parser.go:582.8,582.24 1 1
github.com/MakeNowJust/memefish/pkg/parser/parser.go:582.24,584.3 1 0
github.com/MakeNowJust/memefish/pkg/parser/parser.go:587.28,590.47 3 1
github.com/MakeNowJust/memefish/pkg/parser/parser.go:593.3,596.26 4 1
github.com/MakeNowJust/memefish/pkg/parser/parser.go:590.47,592.4 1 0
github.com/MakeNowJust/memefish/pkg/parser/parser.go:596.26,598.4 1 1
github.com/MakeNowJust/memefish/pkg/parser/parser.go:611.35,613.26 2 1
github.com/MakeNowJust/memefish/pkg/parser/parser.go:622.2,626.3 1 1
github.com/MakeNowJust/memefish/pkg/parser/parser.go:613.26,616.3 2 1
github.com/MakeNowJust/memefish/pkg/parser/parser.go:616.8,616.39 1 1
github.com/MakeNowJust/memefish/pkg/parser/parser.go:616.39,619.3 2 1
github.com/MakeNowJust/memefish/pkg/parser/parser.go:619.8,621.3 1 1
github.com/MakeNowJust/memefish/pkg/parser/parser.go:629.62,630.29 1 1
github.com/MakeNowJust/memefish/pkg/parser/parser.go:644.2,644.29 1 1
github.com/MakeNowJust/memefish/pkg/parser/parser.go:659.2,659.10 1 1
github.com/MakeNowJust/memefish/pkg/parser/parser.go:630.29,634.32 4 1
github.com/MakeNowJust/memefish/pkg/parser/parser.go:641.3,641.24 1 1
github.com/MakeNowJust/memefish/pkg/parser/parser.go:634.32,635.27 1 1
github.com/MakeNowJust/memefish/pkg/parser/parser.go:638.4,639.49 2 1
github.com/MakeNowJust/memefish/pkg/parser/parser.go:635.27,636.10 1 0
github.com/MakeNowJust/memefish/pkg/parser/parser.go:644.29,648.47 4 1
github.com/MakeNowJust/memefish/pkg/parser/parser.go:652.3,656.20 2 1
github.com/MakeNowJust/memefish/pkg/parser/parser.go:648.47,651.4 2 1
github.com/MakeNowJust/memefish/pkg/parser/parser.go:662.46,666.27 4 1
github.com/MakeNowJust/memefish/pkg/parser/parser.go:674.2,678.3 1 1
github.com/MakeNowJust/memefish/pkg/parser/parser.go:666.27,669.3 2 1
github.com/MakeNowJust/memefish/pkg/parser/parser.go:669.8,669.35 1 1
github.com/MakeNowJust/memefish/pkg/parser/parser.go:669.35,673.3 3 1
github.com/MakeNowJust/memefish/pkg/parser/parser.go:681.35,683.2 1 1
github.com/MakeNowJust/memefish/pkg/parser/parser.go:685.36,687.6 2 1
github.com/MakeNowJust/memefish/pkg/parser/parser.go:687.6,689.23 2 1
github.com/MakeNowJust/memefish/pkg/parser/parser.go:697.3,702.4 2 1
github.com/MakeNowJust/memefish/pkg/parser/parser.go:690.14,691.14 1 1
github.com/MakeNowJust/memefish/pkg/parser/parser.go:692.13,693.13 1 1
github.com/MakeNowJust/memefish/pkg/parser/parser.go:694.11,695.15 1 1
github.com/MakeNowJust/memefish/pkg/parser/parser.go:706.34,707.27 1 1
github.com/MakeNowJust/memefish/pkg/parser/parser.go:715.2,715.28 1 1
github.com/MakeNowJust/memefish/pkg/parser/parser.go:707.27,713.3 2 0
github.com/MakeNowJust/memefish/pkg/parser/parser.go:718.41,721.22 3 1
github.com/MakeNowJust/memefish/pkg/parser/parser.go:803.2,808.3 2 1
github.com/MakeNowJust/memefish/pkg/parser/parser.go:722.11,723.14 1 1
github.com/MakeNowJust/memefish/pkg/parser/parser.go:724.11,725.17 1 1
github.com/MakeNowJust/memefish/pkg/parser/parser.go:726.12,727.19 1 1
github.com/MakeNowJust/memefish/pkg/parser/parser.go:728.12,729.22 1 1
github.com/MakeNowJust/memefish/pkg/parser/parser.go:730.11,731.15 1 1
github.com/MakeNowJust/memefish/pkg/parser/parser.go:732.18,733.18 1 1
github.com/MakeNowJust/memefish/pkg/parser/parser.go:734.14,735.14 1 1
github.com/MakeNowJust/memefish/pkg/parser/parser.go:736.12,742.4 3 1
github.com/MakeNowJust/memefish/pkg/parser/parser.go:743.17,752.4 5 1
github.com/MakeNowJust/memefish/pkg/parser/parser.go:753.13,755.23 2 1
github.com/MakeNowJust/memefish/pkg/parser/parser.go:780.12,783.28 3 1
github.com/MakeNowJust/memefish/pkg/parser/parser.go:787.3,787.23 1 1
github.com/MakeNowJust/memefish/pkg/parser/parser.go:800.10,801.14 1 1
github.com/MakeNowJust/memefish/pkg/parser/parser.go:756.15,757.18 1 1
github.com/MakeNowJust/memefish/pkg/parser/parser.go:758.13,765.5 3 1
github.com/MakeNowJust/memefish/pkg/parser/parser.go:766.18,776.5 5 1
github.com/MakeNowJust/memefish/pkg/parser/parser.go:777.11,778.80 1 0
github.com/MakeNowJust/memefish/pkg/parser/parser.go:783.28,786.4 2 1
github.com/MakeNowJust/memefish/pkg/parser/parser.go:788.15,790.44 2 1
github.com/MakeNowJust/memefish/pkg/parser/parser.go:791.15,793.57 2 1
github.com/MakeNowJust/memefish/pkg/parser/parser.go:794.16,796.58 2 1
github.com/MakeNowJust/memefish/pkg/parser/parser.go:797.11,798.89 1 0
github.com/MakeNowJust/memefish/pkg/parser/parser.go:811.50,812.41 1 1
github.com/MakeNowJust/memefish/pkg/parser/parser.go:819.2,819.25 1 1
github.com/MakeNowJust/memefish/pkg/parser/parser.go:837.2,837.30 1 1
github.com/MakeNowJust/memefish/pkg/parser/parser.go:850.2,850.85 1 0
github.com/MakeNowJust/memefish/pkg/parser/parser.go:812.41,818.3 1 0
github.com/MakeNowJust/memefish/pkg/parser/parser.go:819.25,823.32 4 1
github.com/MakeNowJust/memefish/pkg/parser/parser.go:830.3,835.4 2 1
github.com/MakeNowJust/memefish/pkg/parser/parser.go:823.32,824.27 1 1
github.com/MakeNowJust/memefish/pkg/parser/parser.go:827.4,828.42 2 1
github.com/MakeNowJust/memefish/pkg/parser/parser.go:824.27,825.10 1 1
github.com/MakeNowJust/memefish/pkg/parser/parser.go:837.30,848.3 6 1
github.com/MakeNowJust/memefish/pkg/parser/parser.go:853.36,855.26 2 1
github.com/MakeNowJust/memefish/pkg/parser/parser.go:863.2,863.13 1 1
github.com/MakeNowJust/memefish/pkg/parser/parser.go:855.26,862.3 2 1
github.com/MakeNowJust/memefish/pkg/parser/parser.go:866.37,868.26 2 1
github.com/MakeNowJust/memefish/pkg/parser/parser.go:876.2,876.13 1 1
github.com/MakeNowJust/memefish/pkg/parser/parser.go:868.26,875.3 2 1
github.com/MakeNowJust/memefish/pkg/parser/parser.go:879.37,881.26 2 1
github.com/MakeNowJust/memefish/pkg/parser/parser.go:889.2,889.13 1 1
github.com/MakeNowJust/memefish/pkg/parser/parser.go:881.26,888.3 2 1
github.com/MakeNowJust/memefish/pkg/parser/parser.go:892.39,894.6 2 1
github.com/MakeNowJust/memefish/pkg/parser/parser.go:894.6,896.23 2 1
github.com/MakeNowJust/memefish/pkg/parser/parser.go:904.3,909.4 2 1
github.com/MakeNowJust/memefish/pkg/parser/parser.go:897.13,898.23 1 1
github.com/MakeNowJust/memefish/pkg/parser/parser.go:899.13,900.24 1 1
github.com/MakeNowJust/memefish/pkg/parser/parser.go:901.11,902.15 1 1
github.com/MakeNowJust/memefish/pkg/parser/parser.go:913.37,915.6 2 1
github.com/MakeNowJust/memefish/pkg/parser/parser.go:915.6,917.23 2 1
github.com/MakeNowJust/memefish/pkg/parser/parser.go:925.3,930.4 2 1
github.com/MakeNowJust/memefish/pkg/parser/parser.go:918.12,919.14 1 1
github.com/MakeNowJust/memefish/pkg/parser/parser.go:920.12,921.14 1 1
github.com/MakeNowJust/memefish/pkg/parser/parser.go:922.11,923.15 1 1
github.com/MakeNowJust/memefish/pkg/parser/parser.go:934.37,936.6 2 1
github.com/MakeNowJust/memefish/pkg/parser/parser.go:936.6,938.23 2 1
github.com/MakeNowJust/memefish/pkg/parser/parser.go:946.3,951.4 2 1
github.com/MakeNowJust/memefish/pkg/parser/parser.go:939.12,940.14 1 1
github.com/MakeNowJust/memefish/pkg/parser/parser.go:941.12,942.14 1 1
github.com/MakeNowJust/memefish/pkg/parser/parser.go:943.11,944.15 1 1
github.com/MakeNowJust/memefish/pkg/parser/parser.go:955.36,957.22 2 1
github.com/MakeNowJust/memefish/pkg/parser/parser.go:967.2,970.23 4 1
github.com/MakeNowJust/memefish/pkg/parser/parser.go:985.2,989.3 1 0
github.com/MakeNowJust/memefish/pkg/parser/parser.go:958.11,959.14 1 1
github.com/MakeNowJust/memefish/pkg/parser/parser.go:960.11,961.15 1 1
github.com/MakeNowJust/memefish/pkg/parser/parser.go:962.11,963.16 1 0
github.com/MakeNowJust/memefish/pkg/parser/parser.go:964.10,965.27 1 1
github.com/MakeNowJust/memefish/pkg/parser/parser.go:971.15,972.45 1 1
github.com/MakeNowJust/memefish/pkg/parser/parser.go:977.17,978.45 1 0
github.com/MakeNowJust/memefish/pkg/parser/parser.go:972.45,976.4 3 1
github.com/MakeNowJust/memefish/pkg/parser/parser.go:978.45,982.4 3 0
github.com/MakeNowJust/memefish/pkg/parser/parser.go:992.39,994.6 2 1
github.com/MakeNowJust/memefish/pkg/parser/parser.go:994.6,995.23 1 1
github.com/MakeNowJust/memefish/pkg/parser/parser.go:996.12,999.27 3 1
github.com/MakeNowJust/memefish/pkg/parser/parser.go:1003.4,1011.5 2 1
github.com/MakeNowJust/memefish/pkg/parser/parser.go:1012.12,1016.49 4 1
github.com/MakeNowJust/memefish/pkg/parser/parser.go:1023.4,1030.45 4 1
github.com/MakeNowJust/memefish/pkg/parser/parser.go:1031.11,1032.15 1 1
github.com/MakeNowJust/memefish/pkg/parser/parser.go:999.27,1002.5 2 1
github.com/MakeNowJust/memefish/pkg/parser/parser.go:1016.49,1018.5 1 1
github.com/MakeNowJust/memefish/pkg/parser/parser.go:1018.10,1018.55 1 1
github.com/MakeNowJust/memefish/pkg/parser/parser.go:1018.55,1020.5 1 1
github.com/MakeNowJust/memefish/pkg/parser/parser.go:1020.10,1022.5 1 0
github.com/MakeNowJust/memefish/pkg/parser/parser.go:1037.34,1038.22 1 1
github.com/MakeNowJust/memefish/pkg/parser/parser.go:1093.2,1093.32 1 1
github.com/MakeNowJust/memefish/pkg/parser/parser.go:1129.2,1129.29 1 1
github.com/MakeNowJust/memefish/pkg/parser/parser.go:1170.2,1170.30 1 1
github.com/MakeNowJust/memefish/pkg/parser/parser.go:1208.2,1208.28 1 1
github.com/MakeNowJust/memefish/pkg/parser/parser.go:1224.2,1224.28 1 1
github.com/MakeNowJust/memefish/pkg/parser/parser.go:1253.2,1253.30 1 1
github.com/MakeNowJust/memefish/pkg/parser/parser.go:1270.2,1270.31 1 1
github.com/MakeNowJust/memefish/pkg/parser/parser.go:1335.2,1335.25 1 1
github.com/MakeNowJust/memefish/pkg/parser/parser.go:1356.2,1356.25 1 1
github.com/MakeNowJust/memefish/pkg/parser/parser.go:1393.2,1393.72 1 0
github.com/MakeNowJust/memefish/pkg/parser/parser.go:1039.14,1044.13 3 1
github.com/MakeNowJust/memefish/pkg/parser/parser.go:1045.23,1051.13 3 1
github.com/MakeNowJust/memefish/pkg/parser/parser.go:1052.16,1059.13 3 1
github.com/MakeNowJust/memefish/pkg/parser/parser.go:1060.18,1067.13 3 1
github.com/MakeNowJust/memefish/pkg/parser/parser.go:1068.19,1075.13 3 1
github.com/MakeNowJust/memefish/pkg/parser/parser.go:1076.18,1083.13 3 1
github.com/MakeNowJust/memefish/pkg/parser/parser.go:1084.18,1090.15 3 1
github.com/MakeNowJust/memefish/pkg/parser/parser.go:1093.32,1096.23 3 1
github.com/MakeNowJust/memefish/pkg/parser/parser.go:1122.3,1126.4 1 1
github.com/MakeNowJust/memefish/pkg/parser/parser.go:1097.12,1099.26 2 1
github.com/MakeNowJust/memefish/pkg/parser/parser.go:1100.20,1102.41 1 1
github.com/MakeNowJust/memefish/pkg/parser/parser.go:1112.4,1112.46 1 1
github.com/MakeNowJust/memefish/pkg/parser/parser.go:1102.41,1110.5 3 1
github.com/MakeNowJust/memefish/pkg/parser/parser.go:1112.46,1120.5 3 1
github.com/MakeNowJust/memefish/pkg/parser/parser.go:1129.29,1132.23 3 1
github.com/MakeNowJust/memefish/pkg/parser/parser.go:1167.3,1167.78 1 0
github.com/MakeNowJust/memefish/pkg/parser/parser.go:1133.12,1144.5 5 1
github.com/MakeNowJust/memefish/pkg/parser/parser.go:1145.12,1156.5 6 1
github.com/MakeNowJust/memefish/pkg/parser/parser.go:1157.12,1164.5 3 1
github.com/MakeNowJust/memefish/pkg/parser/parser.go:1170.30,1173.23 3 1
github.com/MakeNowJust/memefish/pkg/parser/parser.go:1205.3,1205.79 1 0
github.com/MakeNowJust/memefish/pkg/parser/parser.go:1174.12,1181.5 3 1
github.com/MakeNowJust/memefish/pkg/parser/parser.go:1182.13,1191.5 4 1
github.com/MakeNowJust/memefish/pkg/parser/parser.go:1192.12,1202.5 5 1
github.com/MakeNowJust/memefish/pkg/parser/parser.go:1208.28,1222.3 8 1
github.com/MakeNowJust/memefish/pkg/parser/parser.go:1224.28,1228.29 4 1
github.com/MakeNowJust/memefish/pkg/parser/parser.go:1231.3,1232.32 2 1
github.com/MakeNowJust/memefish/pkg/parser/parser.go:1238.3,1239.29 2 1
github.com/MakeNowJust/memefish/pkg/parser/parser.go:1243.3,1250.4 2 1
github.com/MakeNowJust/memefish/pkg/parser/parser.go:1228.29,1230.4 1 1
github.com/MakeNowJust/memefish/pkg/parser/parser.go:1232.32,1233.30 1 1
github.com/MakeNowJust/memefish/pkg/parser/parser.go:1236.4,1236.40 1 1
github.com/MakeNowJust/memefish/pkg/parser/parser.go:1233.30,1234.10 1 1
github.com/MakeNowJust/memefish/pkg/parser/parser.go:1239.29,1242.4 2 1
github.com/MakeNowJust/memefish/pkg/parser/parser.go:1253.30,1268.3 7 1
github.com/MakeNowJust/memefish/pkg/parser/parser.go:1270.31,1276.10 6 1
github.com/MakeNowJust/memefish/pkg/parser/parser.go:1312.3,1315.27 4 1
github.com/MakeNowJust/memefish/pkg/parser/parser.go:1325.3,1332.4 2 1
github.com/MakeNowJust/memefish/pkg/parser/parser.go:1277.53,1278.25 1 1
github.com/MakeNowJust/memefish/pkg/parser/parser.go:1279.54,1280.26 1 1
github.com/MakeNowJust/memefish/pkg/parser/parser.go:1281.54,1282.26 1 1
github.com/MakeNowJust/memefish/pkg/parser/parser.go:1283.49,1284.21 1 1
github.com/MakeNowJust/memefish/pkg/parser/parser.go:1285.49,1286.21 1 1
github.com/MakeNowJust/memefish/pkg/parser/parser.go:1287.47,1288.19 1 1
github.com/MakeNowJust/memefish/pkg/parser/parser.go:1289.52,1290.24 1 1
github.com/MakeNowJust/memefish/pkg/parser/parser.go:1291.46,1292.18 1 1
github.com/MakeNowJust/memefish/pkg/parser/parser.go:1293.52,1294.24 1 1
github.com/MakeNowJust/memefish/pkg/parser/parser.go:1295.47,1296.19 1 1
github.com/MakeNowJust/memefish/pkg/parser/parser.go:1297.50,1298.22 1 1
github.com/MakeNowJust/memefish/pkg/parser/parser.go:1299.48,1300.20 1 1
github.com/MakeNowJust/memefish/pkg/parser/parser.go:1301.50,1302.22 1 1
github.com/MakeNowJust/memefish/pkg/parser/parser.go:1303.47,1304.19 1 1
github.com/MakeNowJust/memefish/pkg/parser/parser.go:1305.50,1306.22 1 1
github.com/MakeNowJust/memefish/pkg/parser/parser.go:1307.47,1308.19 1 1
github.com/MakeNowJust/memefish/pkg/parser/parser.go:1309.11,1310.59 1 0
github.com/MakeNowJust/memefish/pkg/parser/parser.go:1315.27,1317.75 2 1
github.com/MakeNowJust/memefish/pkg/parser/parser.go:1320.4,1320.75 1 1
github.com/MakeNowJust/memefish/pkg/parser/parser.go:1323.4,1323.28 1 1
github.com/MakeNowJust/memefish/pkg/parser/parser.go:1317.75,1319.5 1 0
github.com/MakeNowJust/memefish/pkg/parser/parser.go:1320.75,1322.5 1 0
github.com/MakeNowJust/memefish/pkg/parser/parser.go:1335.25,1339.26 4 1
github.com/MakeNowJust/memefish/pkg/parser/parser.go:1348.3,1353.4 2 1
github.com/MakeNowJust/memefish/pkg/parser/parser.go:1339.26,1340.33 1 1
github.com/MakeNowJust/memefish/pkg/parser/parser.go:1340.33,1342.28 2 1
github.com/MakeNowJust/memefish/pkg/parser/parser.go:1345.5,1345.18 1 1
github.com/MakeNowJust/memefish/pkg/parser/parser.go:1342.28,1343.11 1 1
github.com/MakeNowJust/memefish/pkg/parser/parser.go:1356.25,1358.56 2 1
github.com/MakeNowJust/memefish/pkg/parser/parser.go:1361.3,1364.26 4 1
github.com/MakeNowJust/memefish/pkg/parser/parser.go:1373.3,1373.26 1 1
github.com/MakeNowJust/memefish/pkg/parser/parser.go:1377.3,1378.32 2 1
github.com/MakeNowJust/memefish/pkg/parser/parser.go:1385.3,1390.4 2 1
github.com/MakeNowJust/memefish/pkg/parser/parser.go:1358.56,1360.4 1 1
github.com/MakeNowJust/memefish/pkg/parser/parser.go:1364.26,1372.4 3 1
github.com/MakeNowJust/memefish/pkg/parser/parser.go:1373.26,1375.4 1 0
github.com/MakeNowJust/memefish/pkg/parser/parser.go:1378.32,1379.27 1 1
github.com/MakeNowJust/memefish/pkg/parser/parser.go:1382.4,1383.34 2 1
github.com/MakeNowJust/memefish/pkg/parser/parser.go:1379.27,1380.10 1 1
github.com/MakeNowJust/memefish/pkg/parser/parser.go:1396.63,1398.25 2 1
github.com/MakeNowJust/memefish/pkg/parser/parser.go:1402.2,1402.31 1 1
github.com/MakeNowJust/memefish/pkg/parser/parser.go:1409.2,1409.30 1 1
github.com/MakeNowJust/memefish/pkg/parser/parser.go:1398.25,1400.3 1 1
github.com/MakeNowJust/memefish/pkg/parser/parser.go:1402.31,1404.26 2 1
github.com/MakeNowJust/memefish/pkg/parser/parser.go:1407.3,1407.16 1 1
github.com/MakeNowJust/memefish/pkg/parser/parser.go:1404.26,1405.9 1 1
github.com/MakeNowJust/memefish/pkg/parser/parser.go:1412.47,1415.25 3 1
github.com/MakeNowJust/memefish/pkg/parser/parser.go:1418.2,1419.25 2 1
github.com/MakeNowJust/memefish/pkg/parser/parser.go:1445.2,1451.3 3 1
github.com/MakeNowJust/memefish/pkg/parser/parser.go:1415.25,1417.3 1 1
github.com/MakeNowJust/memefish/pkg/parser/parser.go:1419.25,1422.32 3 1
github.com/MakeNowJust/memefish/pkg/parser/parser.go:1434.3,1434.143 1 1
github.com/MakeNowJust/memefish/pkg/parser/parser.go:1422.32,1423.27 1 1
github.com/MakeNowJust/memefish/pkg/parser/parser.go:1426.4,1426.27 1 1
github.com/MakeNowJust/memefish/pkg/parser/parser.go:1429.4,1430.17 2 1
github.com/MakeNowJust/memefish/pkg/parser/parser.go:1423.27,1425.5 1 1
github.com/MakeNowJust/memefish/pkg/parser/parser.go:1426.27,1428.5 1 1
github.com/MakeNowJust/memefish/pkg/parser/parser.go:1430.17,1431.10 1 1
github.com/MakeNowJust/memefish/pkg/parser/parser.go:1434.143,1437.4 2 1
github.com/MakeNowJust/memefish/pkg/parser/parser.go:1437.9,1440.4 2 1
github.com/MakeNowJust/memefish/pkg/parser/parser.go:1441.8,1441.37 1 1
github.com/MakeNowJust/memefish/pkg/parser/parser.go:1441.37,1444.3 2 1
github.com/MakeNowJust/memefish/pkg/parser/parser.go:1454.43,1461.41 2 1
github.com/MakeNowJust/memefish/pkg/parser/parser.go:1472.2,1473.32 2 1
github.com/MakeNowJust/memefish/pkg/parser/parser.go:1478.2,1484.3 2 1
github.com/MakeNowJust/memefish/pkg/parser/parser.go:1461.41,1462.26 1 1
github.com/MakeNowJust/memefish/pkg/parser/parser.go:1462.26,1469.4 3 1
github.com/MakeNowJust/memefish/pkg/parser/parser.go:1473.32,1476.3 2 0
github.com/MakeNowJust/memefish/pkg/parser/parser.go:1487.48,1489.25 2 1
github.com/MakeNowJust/memefish/pkg/parser/parser.go:1498.2,1498.30 1 1
github.com/MakeNowJust/memefish/pkg/parser/parser.go:1489.25,1490.32 1 1
github.com/MakeNowJust/memefish/pkg/parser/parser.go:1490.32,1492.27 2 1
github.com/MakeNowJust/memefish/pkg/parser/parser.go:1495.4,1495.17 1 1
github.com/MakeNowJust/memefish/pkg/parser/parser.go:1492.27,1493.10 1 1
github.com/MakeNowJust/memefish/pkg/parser/parser.go:1501.34,1502.32 1 1
github.com/MakeNowJust/memefish/pkg/parser/parser.go:1511.2,1516.9 6 1
github.com/MakeNowJust/memefish/pkg/parser/parser.go:1542.2,1547.3 1 1
github.com/MakeNowJust/memefish/pkg/parser/parser.go:1502.32,1509.3 2 1
github.com/MakeNowJust/memefish/pkg/parser/parser.go:1517.52,1518.24 1 0
github.com/MakeNowJust/memefish/pkg/parser/parser.go:1519.53,1520.25 1 0
github.com/MakeNowJust/memefish/pkg/parser/parser.go:1521.53,1522.25 1 0
github.com/MakeNowJust/memefish/pkg/parser/parser.go:1523.48,1524.20 1 0
github.com/MakeNowJust/memefish/pkg/parser/parser.go:1525.48,1526.20 1 0
github.com/MakeNowJust/memefish/pkg/parser/parser.go:1527.46,1528.18 1 0
github.com/MakeNowJust/memefish/pkg/parser/parser.go:1529.45,1530.17 1 1
github.com/MakeNowJust/memefish/pkg/parser/parser.go:1531.46,1532.18 1 0
github.com/MakeNowJust/memefish/pkg/parser/parser.go:1533.47,1534.19 1 0
github.com/MakeNowJust/memefish/pkg/parser/parser.go:1535.49,1536.21 1 0
github.com/MakeNowJust/memefish/pkg/parser/parser.go:1537.46,1538.18 1 0
github.com/MakeNowJust/memefish/pkg/parser/parser.go:1539.10,1540.58 1 0
github.com/MakeNowJust/memefish/pkg/parser/parser.go:1550.36,1556.2 5 1
github.com/MakeNowJust/memefish/pkg/parser/parser.go:1558.36,1559.22 1 1
github.com/MakeNowJust/memefish/pkg/parser/parser.go:1670.2,1670.99 1 0
github.com/MakeNowJust/memefish/pkg/parser/parser.go:1560.18,1561.50 1 1
github.com/MakeNowJust/memefish/pkg/parser/parser.go:1570.3,1570.51 1 1
github.com/MakeNowJust/memefish/pkg/parser/parser.go:1579.3,1579.53 1 1
github.com/MakeNowJust/memefish/pkg/parser/parser.go:1588.3,1588.50 1 1
github.com/MakeNowJust/memefish/pkg/parser/parser.go:1597.3,1597.55 1 1
github.com/MakeNowJust/memefish/pkg/parser/parser.go:1606.3,1606.52 1 1
github.com/MakeNowJust/memefish/pkg/parser/parser.go:1615.3,1615.51 1 0
github.com/MakeNowJust/memefish/pkg/parser/parser.go:1625.3,1625.127 1 0
github.com/MakeNowJust/memefish/pkg/parser/parser.go:1626.15,1632.27 6 1
github.com/MakeNowJust/memefish/pkg/parser/parser.go:1640.3,1645.4 1 1
github.com/MakeNowJust/memefish/pkg/parser/parser.go:1646.16,1649.23 3 1
github.com/MakeNowJust/memefish/pkg/parser/parser.go:1561.50,1569.4 3 0
github.com/MakeNowJust/memefish/pkg/parser/parser.go:1570.51,1578.4 3 1
github.com/MakeNowJust/memefish/pkg/parser/parser.go:1579.53,1587.4 3 0
github.com/MakeNowJust/memefish/pkg/parser/parser.go:1588.50,1596.4 3 0
github.com/MakeNowJust/memefish/pkg/parser/parser.go:1597.55,1605.4 3 0
github.com/MakeNowJust/memefish/pkg/parser/parser.go:1606.52,1614.4 3 1
github.com/MakeNowJust/memefish/pkg/parser/parser.go:1615.51,1623.4 3 0
github.com/MakeNowJust/memefish/pkg/parser/parser.go:1632.27,1637.4 4 1
github.com/MakeNowJust/memefish/pkg/parser/parser.go:1637.9,1639.4 1 1
github.com/MakeNowJust/memefish/pkg/parser/parser.go:1650.13,1657.5 2 1
github.com/MakeNowJust/memefish/pkg/parser/parser.go:1658.12,1666.5 3 1
github.com/MakeNowJust/memefish/pkg/parser/parser.go:1673.60,1675.49 2 1
github.com/MakeNowJust/memefish/pkg/parser/parser.go:1710.2,1710.26 1 1
github.com/MakeNowJust/memefish/pkg/parser/parser.go:1717.2,1717.30 1 1
github.com/MakeNowJust/memefish/pkg/parser/parser.go:1675.49,1676.32 1 1
github.com/MakeNowJust/memefish/pkg/parser/parser.go:1676.32,1679.34 3 1
github.com/MakeNowJust/memefish/pkg/parser/parser.go:1697.4,1697.14 1 1
github.com/MakeNowJust/memefish/pkg/parser/parser.go:1703.4,1703.27 1 1
github.com/MakeNowJust/memefish/pkg/parser/parser.go:1706.4,1706.17 1 1
github.com/MakeNowJust/memefish/pkg/parser/parser.go:1679.34,1682.90 3 1
github.com/MakeNowJust/memefish/pkg/parser/parser.go:1682.90,1693.6 3 1
github.com/MakeNowJust/memefish/pkg/parser/parser.go:1693.11,1695.6 1 1
github.com/MakeNowJust/memefish/pkg/parser/parser.go:1697.14,1702.5 2 1
github.com/MakeNowJust/memefish/pkg/parser/parser.go:1703.27,1704.10 1 1
github.com/MakeNowJust/memefish/pkg/parser/parser.go:1710.26,1715.3 4 1
github.com/MakeNowJust/memefish/pkg/parser/parser.go:1720.43,1721.22 1 1
github.com/MakeNowJust/memefish/pkg/parser/parser.go:1772.2,1772.97 1 0
github.com/MakeNowJust/memefish/pkg/parser/parser.go:1722.18,1728.11 3 0
github.com/MakeNowJust/memefish/pkg/parser/parser.go:1729.16,1736.11 3 1
github.com/MakeNowJust/memefish/pkg/parser/parser.go:1737.14,1742.23 5 1
github.com/MakeNowJust/memefish/pkg/parser/parser.go:1759.3,1761.47 3 1
github.com/MakeNowJust/memefish/pkg/parser/parser.go:1764.3,1769.4 2 1
github.com/MakeNowJust/memefish/pkg/parser/parser.go:1743.19,1748.17 2 1
github.com/MakeNowJust/memefish/pkg/parser/parser.go:1749.17,1755.17 2 1
github.com/MakeNowJust/memefish/pkg/parser/parser.go:1756.11,1757.86 1 0
github.com/MakeNowJust/memefish/pkg/parser/parser.go:1761.47,1763.4 1 0
github.com/MakeNowJust/memefish/pkg/parser/parser.go:1775.43,1776.22 1 1
github.com/MakeNowJust/memefish/pkg/parser/parser.go:1848.2,1848.106 1 0
github.com/MakeNowJust/memefish/pkg/parser/parser.go:1777.18,1783.11 3 0
github.com/MakeNowJust/memefish/pkg/parser/parser.go:1784.16,1791.11 3 1
github.com/MakeNowJust/memefish/pkg/parser/parser.go:1792.18,1799.11 3 1
github.com/MakeNowJust/memefish/pkg/parser/parser.go:1800.14,1805.23 5 1
github.com/MakeNowJust/memefish/pkg/parser/parser.go:1829.3,1832.46 4 1
github.com/MakeNowJust/memefish/pkg/parser/parser.go:1839.3,1845.4 2 1
github.com/MakeNowJust/memefish/pkg/parser/parser.go:1806.19,1811.17 2 1
github.com/MakeNowJust/memefish/pkg/parser/parser.go:1812.17,1818.17 2 1
github.com/MakeNowJust/memefish/pkg/parser/parser.go:1819.19,1825.17 2 1
github.com/MakeNowJust/memefish/pkg/parser/parser.go:1826.11,1827.95 1 0
github.com/MakeNowJust/memefish/pkg/parser/parser.go:1832.46,1834.4 1 1
github.com/MakeNowJust/memefish/pkg/parser/parser.go:1834.9,1834.55 1 1
github.com/MakeNowJust/memefish/pkg/parser/parser.go:1834.55,1836.4 1 1
github.com/MakeNowJust/memefish/pkg/parser/parser.go:1836.9,1838.4 1 0
github.com/MakeNowJust/memefish/pkg/parser/parser.go:1851.48,1852.26 1 1
github.com/MakeNowJust/memefish/pkg/parser/parser.go:1855.2,1857.13 3 1
github.com/MakeNowJust/memefish/pkg/parser/parser.go:1852.26,1854.3 1 0
github.com/MakeNowJust/memefish/pkg/parser/parser.go:1860.86,1865.2 1 0
github.com/MakeNowJust/memefish/pkg/parser/parser.go:1867.79,1868.45 1 0
github.com/MakeNowJust/memefish/pkg/parser/sql.go:25.28,26.23 1 1
github.com/MakeNowJust/memefish/pkg/parser/sql.go:61.2,61.31 1 0
github.com/MakeNowJust/memefish/pkg/parser/sql.go:27.189,28.17 1 1
github.com/MakeNowJust/memefish/pkg/parser/sql.go:29.33,30.22 1 1
github.com/MakeNowJust/memefish/pkg/parser/sql.go:31.55,32.24 1 1
github.com/MakeNowJust/memefish/pkg/parser/sql.go:33.19,34.15 1 1
github.com/MakeNowJust/memefish/pkg/parser/sql.go:52.18,53.15 1 0
github.com/MakeNowJust/memefish/pkg/parser/sql.go:35.21,36.21 1 1
github.com/MakeNowJust/memefish/pkg/parser/sql.go:37.21,38.21 1 1
github.com/MakeNowJust/memefish/pkg/parser/sql.go:39.40,40.23 1 1
github.com/MakeNowJust/memefish/pkg/parser/sql.go:41.17,42.21 1 1
github.com/MakeNowJust/memefish/pkg/parser/sql.go:43.17,44.21 1 1
github.com/MakeNowJust/memefish/pkg/parser/sql.go:45.16,46.20 1 1
github.com/MakeNowJust/memefish/pkg/parser/sql.go:47.95,48.25 1 1
github.com/MakeNowJust/memefish/pkg/parser/sql.go:49.20,50.20 1 1
github.com/MakeNowJust/memefish/pkg/parser/sql.go:54.34,55.20 1 0
github.com/MakeNowJust/memefish/pkg/parser/sql.go:56.14,57.18 1 0
github.com/MakeNowJust/memefish/pkg/parser/sql.go:64.35,66.13 2 1
github.com/MakeNowJust/memefish/pkg/parser/sql.go:66.13,68.3 1 1
github.com/MakeNowJust/memefish/pkg/parser/sql.go:68.8,70.3 1 0
github.com/MakeNowJust/memefish/pkg/parser/sql.go:73.32,75.22 2 1
github.com/MakeNowJust/memefish/pkg/parser/sql.go:78.2,78.31 1 1
github.com/MakeNowJust/memefish/pkg/parser/sql.go:75.22,77.3 1 1
github.com/MakeNowJust/memefish/pkg/parser/sql.go:81.39,82.19 1 1
github.com/MakeNowJust/memefish/pkg/parser/sql.go:86.2,86.57 1 1
github.com/MakeNowJust/memefish/pkg/parser/sql.go:82.19,84.3 1 1
github.com/MakeNowJust/memefish/pkg/parser/sql.go:89.29,91.32 2 1
github.com/MakeNowJust/memefish/pkg/parser/sql.go:95.2,95.53 1 1
github.com/MakeNowJust/memefish/pkg/parser/sql.go:91.32,94.3 1 1
github.com/MakeNowJust/memefish/pkg/parser/sql.go:98.31,100.16 2 1
github.com/MakeNowJust/memefish/pkg/parser/sql.go:103.2,103.16 1 1
github.com/MakeNowJust/memefish/pkg/parser/sql.go:107.2,108.19 2 1
github.com/MakeNowJust/memefish/pkg/parser/sql.go:111.2,111.20 1 1
github.com/MakeNowJust/memefish/pkg/parser/sql.go:114.2,114.22 1 1
github.com/MakeNowJust/memefish/pkg/parser/sql.go:117.2,117.21 1 1
github.com/MakeNowJust/memefish/pkg/parser/sql.go:120.2,120.22 1 1
github.com/MakeNowJust/memefish/pkg/parser/sql.go:123.2,123.20 1 1
github.com/MakeNowJust/memefish/pkg/parser/sql.go:127.2,127.12 1 1
github.com/MakeNowJust/memefish/pkg/parser/sql.go:100.16,102.3 1 1
github.com/MakeNowJust/memefish/pkg/parser/sql.go:103.16,105.3 1 1
github.com/MakeNowJust/memefish/pkg/parser/sql.go:108.19,110.3 1 1
github.com/MakeNowJust/memefish/pkg/parser/sql.go:111.20,113.3 1 1
github.com/MakeNowJust/memefish/pkg/parser/sql.go:114.22,116.3 1 1
github.com/MakeNowJust/memefish/pkg/parser/sql.go:117.21,119.3 1 1
github.com/MakeNowJust/memefish/pkg/parser/sql.go:120.22,122.3 1 1
github.com/MakeNowJust/memefish/pkg/parser/sql.go:123.20,125.3 1 1
github.com/MakeNowJust/memefish/pkg/parser/sql.go:130.38,132.16 2 1
github.com/MakeNowJust/memefish/pkg/parser/sql.go:137.2,138.27 2 1
github.com/MakeNowJust/memefish/pkg/parser/sql.go:150.2,150.22 1 1
github.com/MakeNowJust/memefish/pkg/parser/sql.go:153.2,153.20 1 1
github.com/MakeNowJust/memefish/pkg/parser/sql.go:156.2,156.12 1 1
github.com/MakeNowJust/memefish/pkg/parser/sql.go:132.16,134.3 1 1
github.com/MakeNowJust/memefish/pkg/parser/sql.go:134.8,136.3 1 1
github.com/MakeNowJust/memefish/pkg/parser/sql.go:138.27,139.13 1 1
github.com/MakeNowJust/memefish/pkg/parser/sql.go:142.3,142.75 1 1
github.com/MakeNowJust/memefish/pkg/parser/sql.go:139.13,141.4 1 1
github.com/MakeNowJust/memefish/pkg/parser/sql.go:142.75,144.4 1 1
github.com/MakeNowJust/memefish/pkg/parser/sql.go:144.9,144.76 1 1
github.com/MakeNowJust/memefish/pkg/parser/sql.go:144.76,146.4 1 1
github.com/MakeNowJust/memefish/pkg/parser/sql.go:146.9,148.4 1 0
github.com/MakeNowJust/memefish/pkg/parser/sql.go:150.22,152.3 1 1
github.com/MakeNowJust/memefish/pkg/parser/sql.go:153.20,155.3 1 0
github.com/MakeNowJust/memefish/pkg/parser/sql.go:159.37,161.22 2 1
github.com/MakeNowJust/memefish/pkg/parser/sql.go:164.2,164.20 1 1
github.com/MakeNowJust/memefish/pkg/parser/sql.go:167.2,167.12 1 1
github.com/MakeNowJust/memefish/pkg/parser/sql.go:161.22,163.3 1 0
github.com/MakeNowJust/memefish/pkg/parser/sql.go:164.20,166.3 1 1
github.com/MakeNowJust/memefish/pkg/parser/sql.go:170.35,171.19 1 1
github.com/MakeNowJust/memefish/pkg/parser/sql.go:175.2,176.12 2 1
github.com/MakeNowJust/memefish/pkg/parser/sql.go:183.2,183.17 1 1
github.com/MakeNowJust/memefish/pkg/parser/sql.go:187.2,187.12 1 1
github.com/MakeNowJust/memefish/pkg/parser/sql.go:171.19,173.3 1 1
github.com/MakeNowJust/memefish/pkg/parser/sql.go:176.12,179.3 2 1
github.com/MakeNowJust/memefish/pkg/parser/sql.go:179.8,181.3 1 1
github.com/MakeNowJust/memefish/pkg/parser/sql.go:183.17,185.3 1 1
github.com/MakeNowJust/memefish/pkg/parser/sql.go:190.38,192.22 2 1
github.com/MakeNowJust/memefish/pkg/parser/sql.go:195.2,195.31 1 1
github.com/MakeNowJust/memefish/pkg/parser/sql.go:192.22,194.3 1 1
github.com/MakeNowJust/memefish/pkg/parser/sql.go:198.33,200.20 2 1
github.com/MakeNowJust/memefish/pkg/parser/sql.go:207.2,207.12 1 1
github.com/MakeNowJust/memefish/pkg/parser/sql.go:200.20,202.13 2 1
github.com/MakeNowJust/memefish/pkg/parser/sql.go:205.3,205.84 1 1
github.com/MakeNowJust/memefish/pkg/parser/sql.go:202.13,204.4 1 1
github.com/MakeNowJust/memefish/pkg/parser/sql.go:210.36,212.22 2 1
github.com/MakeNowJust/memefish/pkg/parser/sql.go:215.2,215.31 1 1
github.com/MakeNowJust/memefish/pkg/parser/sql.go:212.22,214.3 1 1
github.com/MakeNowJust/memefish/pkg/parser/sql.go:218.34,220.19 2 1
github.com/MakeNowJust/memefish/pkg/parser/sql.go:223.2,223.17 1 1
github.com/MakeNowJust/memefish/pkg/parser/sql.go:226.2,226.12 1 1
github.com/MakeNowJust/memefish/pkg/parser/sql.go:220.19,222.3 1 1
github.com/MakeNowJust/memefish/pkg/parser/sql.go:223.17,225.3 1 1
github.com/MakeNowJust/memefish/pkg/parser/sql.go:229.31,231.19 2 1
github.com/MakeNowJust/memefish/pkg/parser/sql.go:234.2,234.17 1 1
github.com/MakeNowJust/memefish/pkg/parser/sql.go:237.2,237.18 1 1
github.com/MakeNowJust/memefish/pkg/parser/sql.go:243.2,243.12 1 1
github.com/MakeNowJust/memefish/pkg/parser/sql.go:231.19,233.3 1 0
github.com/MakeNowJust/memefish/pkg/parser/sql.go:234.17,236.3 1 1
github.com/MakeNowJust/memefish/pkg/parser/sql.go:237.18,239.28 2 1
github.com/MakeNowJust/memefish/pkg/parser/sql.go:239.28,241.4 1 1
github.com/MakeNowJust/memefish/pkg/parser/sql.go:246.33,248.31 2 1
github.com/MakeNowJust/memefish/pkg/parser/sql.go:251.2,251.19 1 1
github.com/MakeNowJust/memefish/pkg/parser/sql.go:254.2,254.17 1 1
github.com/MakeNowJust/memefish/pkg/parser/sql.go:257.2,257.12 1 1
github.com/MakeNowJust/memefish/pkg/parser/sql.go:248.31,250.3 1 1
github.com/MakeNowJust/memefish/pkg/parser/sql.go:251.19,253.3 1 0
github.com/MakeNowJust/memefish/pkg/parser/sql.go:254.17,256.3 1 0
github.com/MakeNowJust/memefish/pkg/parser/sql.go:260.41,262.19 2 1
github.com/MakeNowJust/memefish/pkg/parser/sql.go:265.2,265.17 1 1
github.com/MakeNowJust/memefish/pkg/parser/sql.go:268.2,268.12 1 1
github.com/MakeNowJust/memefish/pkg/parser/sql.go:262.19,264.3 1 0
github.com/MakeNowJust/memefish/pkg/parser/sql.go:265.17,267.3 1 1
github.com/MakeNowJust/memefish/pkg/parser/sql.go:271.38,273.2 1 1
github.com/MakeNowJust/memefish/pkg/parser/sql.go:275.29,278.19 3 1
github.com/MakeNowJust/memefish/pkg/parser/sql.go:281.2,282.19 2 1
github.com/MakeNowJust/memefish/pkg/parser/sql.go:285.2,285.12 1 1
github.com/MakeNowJust/memefish/pkg/parser/sql.go:278.19,280.3 1 1
github.com/MakeNowJust/memefish/pkg/parser/sql.go:282.19,284.3 1 1
github.com/MakeNowJust/memefish/pkg/parser/sql.go:288.38,289.17 1 1
github.com/MakeNowJust/memefish/pkg/parser/sql.go:293.2,293.40 1 1
github.com/MakeNowJust/memefish/pkg/parser/sql.go:289.17,291.3 1 1
github.com/MakeNowJust/memefish/pkg/parser/sql.go:296.34,300.2 3 1
github.com/MakeNowJust/memefish/pkg/parser/sql.go:302.37,304.22 2 1
github.com/MakeNowJust/memefish/pkg/parser/sql.go:307.2,307.31 1 1
github.com/MakeNowJust/memefish/pkg/parser/sql.go:304.22,306.3 1 1
github.com/MakeNowJust/memefish/pkg/parser/sql.go:310.30,312.21 2 1
github.com/MakeNowJust/memefish/pkg/parser/sql.go:315.2,315.12 1 1
github.com/MakeNowJust/memefish/pkg/parser/sql.go:312.21,314.3 1 1
github.com/MakeNowJust/memefish/pkg/parser/sql.go:318.35,324.2 5 1
github.com/MakeNowJust/memefish/pkg/parser/sql.go:326.34,328.19 2 0
github.com/MakeNowJust/memefish/pkg/parser/sql.go:331.2,331.40 1 0
github.com/MakeNowJust/memefish/pkg/parser/sql.go:328.19,330.3 1 0
github.com/MakeNowJust/memefish/pkg/parser/sql.go:334.31,337.11 3 1
github.com/MakeNowJust/memefish/pkg/parser/sql.go:340.2,342.12 3 1
github.com/MakeNowJust/memefish/pkg/parser/sql.go:337.11,339.3 1 1
github.com/MakeNowJust/memefish/pkg/parser/sql.go:345.36,346.21 1 1
github.com/MakeNowJust/memefish/pkg/parser/sql.go:349.2,349.23 1 1
github.com/MakeNowJust/memefish/pkg/parser/sql.go:352.2,352.35 1 1
github.com/MakeNowJust/memefish/pkg/parser/sql.go:346.21,348.3 1 1
github.com/MakeNowJust/memefish/pkg/parser/sql.go:349.23,351.3 1 0
github.com/MakeNowJust/memefish/pkg/parser/sql.go:355.35,359.11 4 1
github.com/MakeNowJust/memefish/pkg/parser/sql.go:362.2,363.12 2 1
github.com/MakeNowJust/memefish/pkg/parser/sql.go:359.11,361.3 1 1
github.com/MakeNowJust/memefish/pkg/parser/sql.go:366.35,370.11 4 1
github.com/MakeNowJust/memefish/pkg/parser/sql.go:373.2,373.13 1 1
github.com/MakeNowJust/memefish/pkg/parser/sql.go:378.2,378.12 1 1
github.com/MakeNowJust/memefish/pkg/parser/sql.go:370.11,372.3 1 1
github.com/MakeNowJust/memefish/pkg/parser/sql.go:373.13,375.3 1 1
github.com/MakeNowJust/memefish/pkg/parser/sql.go:375.8,377.3 1 1
github.com/MakeNowJust/memefish/pkg/parser/sql.go:381.36,384.11 3 1
github.com/MakeNowJust/memefish/pkg/parser/sql.go:387.2,391.12 5 1
github.com/MakeNowJust/memefish/pkg/parser/sql.go:384.11,386.3 1 1
github.com/MakeNowJust/memefish/pkg/parser/sql.go:394.37,399.2 4 1
github.com/MakeNowJust/memefish/pkg/parser/sql.go:401.34,404.15 3 1
github.com/MakeNowJust/memefish/pkg/parser/sql.go:409.2,410.12 2 1
github.com/MakeNowJust/memefish/pkg/parser/sql.go:404.15,406.3 1 1
github.com/MakeNowJust/memefish/pkg/parser/sql.go:406.8,408.3 1 1
github.com/MakeNowJust/memefish/pkg/parser/sql.go:413.33,415.16 2 1
github.com/MakeNowJust/memefish/pkg/parser/sql.go:418.2,418.70 1 1
github.com/MakeNowJust/memefish/pkg/parser/sql.go:415.16,417.3 1 0
github.com/MakeNowJust/memefish/pkg/parser/sql.go:421.28,422.26 1 1
github.com/MakeNowJust/memefish/pkg/parser/sql.go:425.2,425.21 1 1
github.com/MakeNowJust/memefish/pkg/parser/sql.go:422.26,424.3 1 1
github.com/MakeNowJust/memefish/pkg/parser/sql.go:428.32,430.23 2 1
github.com/MakeNowJust/memefish/pkg/parser/sql.go:433.2,433.31 1 1
github.com/MakeNowJust/memefish/pkg/parser/sql.go:430.23,432.3 1 1
github.com/MakeNowJust/memefish/pkg/parser/sql.go:436.36,438.2 1 1
github.com/MakeNowJust/memefish/pkg/parser/sql.go:440.33,442.2 1 1
github.com/MakeNowJust/memefish/pkg/parser/sql.go:444.36,446.2 1 1
github.com/MakeNowJust/memefish/pkg/parser/sql.go:448.33,450.19 2 1
github.com/MakeNowJust/memefish/pkg/parser/sql.go:453.2,453.27 1 1
github.com/MakeNowJust/memefish/pkg/parser/sql.go:456.2,456.19 1 1
github.com/MakeNowJust/memefish/pkg/parser/sql.go:459.2,460.12 2 1
github.com/MakeNowJust/memefish/pkg/parser/sql.go:450.19,452.3 1 1
github.com/MakeNowJust/memefish/pkg/parser/sql.go:453.27,455.3 1 1
github.com/MakeNowJust/memefish/pkg/parser/sql.go:456.19,458.3 1 1
github.com/MakeNowJust/memefish/pkg/parser/sql.go:463.29,465.2 1 1
github.com/MakeNowJust/memefish/pkg/parser/sql.go:467.33,469.2 1 1
github.com/MakeNowJust/memefish/pkg/parser/sql.go:471.34,473.2 1 1
github.com/MakeNowJust/memefish/pkg/parser/sql.go:475.34,477.2 1 1
github.com/MakeNowJust/memefish/pkg/parser/sql.go:479.35,481.19 2 1
github.com/MakeNowJust/memefish/pkg/parser/sql.go:484.2,485.12 2 1
github.com/MakeNowJust/memefish/pkg/parser/sql.go:481.19,483.3 1 0
github.com/MakeNowJust/memefish/pkg/parser/sql.go:488.30,490.2 1 1
github.com/MakeNowJust/memefish/pkg/parser/sql.go:492.30,493.28 1 1
github.com/MakeNowJust/memefish/pkg/parser/sql.go:496.2,496.15 1 1
github.com/MakeNowJust/memefish/pkg/parser/sql.go:493.28,495.3 1 1
github.com/MakeNowJust/memefish/pkg/parser/sql.go:499.36,500.61 1 1
github.com/MakeNowJust/memefish/pkg/parser/sql.go:503.2,503.25 1 1
github.com/MakeNowJust/memefish/pkg/parser/sql.go:506.2,506.22 1 1
github.com/MakeNowJust/memefish/pkg/parser/sql.go:511.2,511.14 1 1
github.com/MakeNowJust/memefish/pkg/parser/sql.go:500.61,502.3 1 1
github.com/MakeNowJust/memefish/pkg/parser/sql.go:503.25,505.3 1 1
github.com/MakeNowJust/memefish/pkg/parser/sql.go:506.22,507.40 1 1
github.com/MakeNowJust/memefish/pkg/parser/sql.go:507.40,509.4 1 0
github.com/MakeNowJust/memefish/pkg/parser/sql.go:514.33,516.22 2 1
github.com/MakeNowJust/memefish/pkg/parser/sql.go:519.2,519.31 1 1
github.com/MakeNowJust/memefish/pkg/parser/sql.go:516.22,518.3 1 1
github.com/MakeNowJust/memefish/pkg/parser/sql.go:522.33,524.19 2 1
github.com/MakeNowJust/memefish/pkg/parser/sql.go:527.2,528.12 2 1
github.com/MakeNowJust/memefish/pkg/parser/sql.go:524.19,526.3 1 1
github.com/MakeNowJust/memefish/pkg/parser/sql.go:531.34,533.21 2 1
github.com/MakeNowJust/memefish/pkg/parser/sql.go:543.2,544.12 2 1
github.com/MakeNowJust/memefish/pkg/parser/sql.go:533.21,535.30 2 1
github.com/MakeNowJust/memefish/pkg/parser/sql.go:541.3,541.13 1 1
github.com/MakeNowJust/memefish/pkg/parser/sql.go:535.30,536.14 1 1
github.com/MakeNowJust/memefish/pkg/parser/sql.go:539.4,539.18 1 1
github.com/MakeNowJust/memefish/pkg/parser/sql.go:536.14,538.5 1 1
github.com/MakeNowJust/memefish/pkg/parser/sql.go:547.30,549.2 1 1
github.com/MakeNowJust/memefish/pkg/parser/sql.go:551.32,552.13 1 1
github.com/MakeNowJust/memefish/pkg/parser/sql.go:552.13,554.3 1 1
github.com/MakeNowJust/memefish/pkg/parser/sql.go:554.8,556.3 1 0
github.com/MakeNowJust/memefish/pkg/parser/sql.go:559.31,561.2 1 1
github.com/MakeNowJust/memefish/pkg/parser/sql.go:563.33,565.2 1 1
github.com/MakeNowJust/memefish/pkg/parser/sql.go:567.34,569.2 1 1
github.com/MakeNowJust/memefish/pkg/parser/sql.go:571.33,573.2 1 1
github.com/MakeNowJust/memefish/pkg/parser/sql.go:575.32,577.2 1 1
github.com/MakeNowJust/memefish/pkg/parser/sql.go:579.37,581.2 1 1
github.com/MakeNowJust/memefish/pkg/parser/sql.go:583.29,585.21 2 1
github.com/MakeNowJust/memefish/pkg/parser/sql.go:595.2,595.20 1 1
github.com/MakeNowJust/memefish/pkg/parser/sql.go:598.2,598.12 1 1
github.com/MakeNowJust/memefish/pkg/parser/sql.go:585.21,587.30 2 1
github.com/MakeNowJust/memefish/pkg/parser/sql.go:593.3,593.13 1 1
github.com/MakeNowJust/memefish/pkg/parser/sql.go:587.30,588.14 1 1
github.com/MakeNowJust/memefish/pkg/parser/sql.go:591.4,591.18 1 1
github.com/MakeNowJust/memefish/pkg/parser/sql.go:588.14,590.5 1 1
github.com/MakeNowJust/memefish/pkg/parser/sql.go:595.20,597.3 1 1
github.com/MakeNowJust/memefish/pkg/parser/sql.go:601.36,603.19 2 1
github.com/MakeNowJust/memefish/pkg/parser/sql.go:606.2,607.12 2 1
github.com/MakeNowJust/memefish/pkg/parser/sql.go:603.19,605.3 1 1
github.com/MakeNowJust/memefish/pkg/parser/sql.go:610.37,612.2 1 1
github.com/MakeNowJust/memefish/pkg/parser/sql.go:614.37,616.2 1 1
github.com/MakeNowJust/memefish/pkg/parser/quote.go:9.27,11.2 1 1
github.com/MakeNowJust/memefish/pkg/parser/quote.go:13.38,15.22 2 1
github.com/MakeNowJust/memefish/pkg/parser/quote.go:31.2,31.21 1 1
github.com/MakeNowJust/memefish/pkg/parser/quote.go:15.22,17.14 2 1
github.com/MakeNowJust/memefish/pkg/parser/quote.go:21.3,21.25 1 1
github.com/MakeNowJust/memefish/pkg/parser/quote.go:25.3,25.17 1 0
github.com/MakeNowJust/memefish/pkg/parser/quote.go:17.14,19.12 2 1
github.com/MakeNowJust/memefish/pkg/parser/quote.go:21.25,23.12 2 1
github.com/MakeNowJust/memefish/pkg/parser/quote.go:25.17,27.4 1 0
github.com/MakeNowJust/memefish/pkg/parser/quote.go:27.9,29.4 1 0
github.com/MakeNowJust/memefish/pkg/parser/quote.go:34.38,36.23 2 1
github.com/MakeNowJust/memefish/pkg/parser/quote.go:48.2,48.21 1 1
github.com/MakeNowJust/memefish/pkg/parser/quote.go:36.23,38.14 2 1
github.com/MakeNowJust/memefish/pkg/parser/quote.go:42.3,42.17 1 1
github.com/MakeNowJust/memefish/pkg/parser/quote.go:46.3,46.42 1 1
github.com/MakeNowJust/memefish/pkg/parser/quote.go:38.14,40.12 2 1
github.com/MakeNowJust/memefish/pkg/parser/quote.go:42.17,44.12 2 1
github.com/MakeNowJust/memefish/pkg/parser/quote.go:51.39,52.11 1 1
github.com/MakeNowJust/memefish/pkg/parser/quote.go:78.2,78.11 1 1
github.com/MakeNowJust/memefish/pkg/parser/quote.go:53.12,54.15 1 0
github.com/MakeNowJust/memefish/pkg/parser/quote.go:55.12,56.15 1 0
github.com/MakeNowJust/memefish/pkg/parser/quote.go:57.12,58.15 1 0
github.com/MakeNowJust/memefish/pkg/parser/quote.go:59.12,60.15 1 1
github.com/MakeNowJust/memefish/pkg/parser/quote.go:61.12,62.15 1 0
github.com/MakeNowJust/memefish/pkg/parser/quote.go:63.12,64.15 1 0
github.com/MakeNowJust/memefish/pkg/parser/quote.go:65.12,66.15 1 0
github.com/MakeNowJust/memefish/pkg/parser/quote.go:67.11,68.16 1 1
github.com/MakeNowJust/memefish/pkg/parser/quote.go:69.12,70.15 1 1
github.com/MakeNowJust/memefish/pkg/parser/quote.go:71.11,72.15 1 0
github.com/MakeNowJust/memefish/pkg/parser/quote.go:73.11,74.15 1 1
github.com/MakeNowJust/memefish/pkg/parser/quote.go:75.12,76.16 1 1
github.com/MakeNowJust/memefish/pkg/parser/error.go:12.33,14.2 1 0
github.com/MakeNowJust/memefish/pkg/parser/error.go:16.32,19.2 1 0
github.com/MakeNowJust/memefish/pkg/parser/keywords.go:103.13,105.30 2 1
github.com/MakeNowJust/memefish/pkg/parser/keywords.go:105.30,107.3 1 1
github.com/MakeNowJust/memefish/pkg/parser/position.go:20.38,22.2 1 0
github.com/MakeNowJust/memefish/pkg/parser/position.go:30.52,32.51 2 1
github.com/MakeNowJust/memefish/pkg/parser/position.go:35.2,39.3 1 1
github.com/MakeNowJust/memefish/pkg/parser/position.go:32.51,34.3 1 1
github.com/MakeNowJust/memefish/pkg/parser/position.go:42.49,54.2 3 1
github.com/MakeNowJust/memefish/pkg/parser/position.go:56.47,58.50 1 1
github.com/MakeNowJust/memefish/pkg/parser/position.go:64.2,64.15 1 1
github.com/MakeNowJust/memefish/pkg/parser/position.go:58.50,60.21 2 1
github.com/MakeNowJust/memefish/pkg/parser/position.go:60.21,62.4 1 1
github.com/MakeNowJust/memefish/pkg/parser/position.go:67.36,68.19 1 0
github.com/MakeNowJust/memefish/pkg/parser/position.go:71.2,71.21 1 0
github.com/MakeNowJust/memefish/pkg/parser/position.go:68.19,70.3 1 0
github.com/MakeNowJust/memefish/pkg/parser/position.go:74.29,75.17 1 0
github.com/MakeNowJust/memefish/pkg/parser/position.go:78.2,78.19 1 0
github.com/MakeNowJust/memefish/pkg/parser/position.go:75.17,77.3 1 0
github.com/MakeNowJust/memefish/pkg/parser/position.go:81.29,82.17 1 1
github.com/MakeNowJust/memefish/pkg/parser/position.go:85.2,85.26 1 1
github.com/MakeNowJust/memefish/pkg/parser/position.go:82.17,84.3 1 0
github.com/MakeNowJust/memefish/pkg/parser/position.go:88.36,90.2 1 0
github.com/MakeNowJust/memefish/pkg/parser/position.go:92.26,92.42 1 0
github.com/MakeNowJust/memefish/pkg/parser/position.go:93.26,93.42 1 1
github.com/MakeNowJust/memefish/pkg/parser/position.go:95.28,95.44 1 0
github.com/MakeNowJust/memefish/pkg/parser/position.go:96.28,96.44 1 1
github.com/MakeNowJust/memefish/pkg/parser/position.go:98.35,100.2 1 0
github.com/MakeNowJust/memefish/pkg/parser/position.go:102.35,102.51 1 0
github.com/MakeNowJust/memefish/pkg/parser/position.go:104.34,106.2 1 0
github.com/MakeNowJust/memefish/pkg/parser/position.go:108.34,108.50 1 1
github.com/MakeNowJust/memefish/pkg/parser/position.go:110.32,110.48 1 0
github.com/MakeNowJust/memefish/pkg/parser/position.go:111.32,111.48 1 1
github.com/MakeNowJust/memefish/pkg/parser/position.go:113.35,115.2 1 0
github.com/MakeNowJust/memefish/pkg/parser/position.go:117.35,119.2 1 1
github.com/MakeNowJust/memefish/pkg/parser/position.go:121.30,123.2 1 0
github.com/MakeNowJust/memefish/pkg/parser/position.go:124.30,124.46 1 1
github.com/MakeNowJust/memefish/pkg/parser/position.go:126.33,128.2 1 0
github.com/MakeNowJust/memefish/pkg/parser/position.go:130.33,132.2 1 1
github.com/MakeNowJust/memefish/pkg/parser/position.go:134.31,136.2 1 0
github.com/MakeNowJust/memefish/pkg/parser/position.go:138.31,138.47 1 1
github.com/MakeNowJust/memefish/pkg/parser/position.go:140.28,140.44 1 0
github.com/MakeNowJust/memefish/pkg/parser/position.go:141.28,141.44 1 1
github.com/MakeNowJust/memefish/pkg/parser/position.go:143.30,145.2 1 0
github.com/MakeNowJust/memefish/pkg/parser/position.go:147.30,147.46 1 1
github.com/MakeNowJust/memefish/pkg/parser/position.go:149.38,151.2 1 0
github.com/MakeNowJust/memefish/pkg/parser/position.go:153.38,153.54 1 1
github.com/MakeNowJust/memefish/pkg/parser/position.go:155.35,155.51 1 0
github.com/MakeNowJust/memefish/pkg/parser/position.go:156.35,156.51 1 1
github.com/MakeNowJust/memefish/pkg/parser/position.go:158.26,160.2 1 0
github.com/MakeNowJust/memefish/pkg/parser/position.go:162.26,163.19 1 1
github.com/MakeNowJust/memefish/pkg/parser/position.go:166.2,166.22 1 1
github.com/MakeNowJust/memefish/pkg/parser/position.go:163.19,165.3 1 1
github.com/MakeNowJust/memefish/pkg/parser/position.go:169.35,169.51 1 0
github.com/MakeNowJust/memefish/pkg/parser/position.go:170.35,170.51 1 1
github.com/MakeNowJust/memefish/pkg/parser/position.go:172.31,174.2 1 0
github.com/MakeNowJust/memefish/pkg/parser/position.go:176.31,176.47 1 1
github.com/MakeNowJust/memefish/pkg/parser/position.go:178.34,180.2 1 0
github.com/MakeNowJust/memefish/pkg/parser/position.go:182.34,184.2 1 1
github.com/MakeNowJust/memefish/pkg/parser/position.go:186.27,188.2 1 0
github.com/MakeNowJust/memefish/pkg/parser/position.go:190.27,191.21 1 1
github.com/MakeNowJust/memefish/pkg/parser/position.go:194.2,194.22 1 1
github.com/MakeNowJust/memefish/pkg/parser/position.go:191.21,193.3 1 1
github.com/MakeNowJust/memefish/pkg/parser/position.go:197.32,199.2 1 0
github.com/MakeNowJust/memefish/pkg/parser/position.go:201.32,203.2 1 1
github.com/MakeNowJust/memefish/pkg/parser/position.go:205.31,205.47 1 0
github.com/MakeNowJust/memefish/pkg/parser/position.go:207.31,209.2 1 0
github.com/MakeNowJust/memefish/pkg/parser/position.go:211.28,213.2 1 0
github.com/MakeNowJust/memefish/pkg/parser/position.go:215.28,217.2 1 1
github.com/MakeNowJust/memefish/pkg/parser/position.go:219.33,219.49 1 0
github.com/MakeNowJust/memefish/pkg/parser/position.go:220.33,220.49 1 1
github.com/MakeNowJust/memefish/pkg/parser/position.go:222.32,224.2 1 0
github.com/MakeNowJust/memefish/pkg/parser/position.go:226.32,226.48 1 0
github.com/MakeNowJust/memefish/pkg/parser/position.go:228.32,230.2 1 0
github.com/MakeNowJust/memefish/pkg/parser/position.go:232.32,232.48 1 1
github.com/MakeNowJust/memefish/pkg/parser/position.go:234.33,236.2 1 0
github.com/MakeNowJust/memefish/pkg/parser/position.go:238.33,240.2 1 0
github.com/MakeNowJust/memefish/pkg/parser/position.go:242.34,244.2 1 0
github.com/MakeNowJust/memefish/pkg/parser/position.go:246.34,248.2 1 1
github.com/MakeNowJust/memefish/pkg/parser/position.go:250.31,252.2 1 0
github.com/MakeNowJust/memefish/pkg/parser/position.go:254.31,254.47 1 1
github.com/MakeNowJust/memefish/pkg/parser/position.go:256.30,258.2 1 0
github.com/MakeNowJust/memefish/pkg/parser/position.go:260.30,260.46 1 1
github.com/MakeNowJust/memefish/pkg/parser/position.go:262.25,262.41 1 0
github.com/MakeNowJust/memefish/pkg/parser/position.go:263.25,263.41 1 0
github.com/MakeNowJust/memefish/pkg/parser/position.go:265.35,265.51 1 0
github.com/MakeNowJust/memefish/pkg/parser/position.go:266.35,266.51 1 1
github.com/MakeNowJust/memefish/pkg/parser/position.go:268.30,268.46 1 0
github.com/MakeNowJust/memefish/pkg/parser/position.go:269.30,269.46 1 1
github.com/MakeNowJust/memefish/pkg/parser/position.go:271.33,271.49 1 0
github.com/MakeNowJust/memefish/pkg/parser/position.go:272.33,272.49 1 1
github.com/MakeNowJust/memefish/pkg/parser/position.go:274.30,274.46 1 0
github.com/MakeNowJust/memefish/pkg/parser/position.go:275.30,275.46 1 1
github.com/MakeNowJust/memefish/pkg/parser/position.go:277.26,279.2 1 0
github.com/MakeNowJust/memefish/pkg/parser/position.go:281.26,283.2 1 0
github.com/MakeNowJust/memefish/pkg/parser/position.go:285.30,285.46 1 1
github.com/MakeNowJust/memefish/pkg/parser/position.go:286.30,286.46 1 1
github.com/MakeNowJust/memefish/pkg/parser/position.go:288.31,288.47 1 0
github.com/MakeNowJust/memefish/pkg/parser/position.go:289.31,289.47 1 1
github.com/MakeNowJust/memefish/pkg/parser/position.go:291.31,291.47 1 0
github.com/MakeNowJust/memefish/pkg/parser/position.go:293.31,295.2 1 1
github.com/MakeNowJust/memefish/pkg/parser/position.go:297.32,297.48 1 0
github.com/MakeNowJust/memefish/pkg/parser/position.go:299.32,301.2 1 1
github.com/MakeNowJust/memefish/pkg/parser/position.go:303.27,303.43 1 0
github.com/MakeNowJust/memefish/pkg/parser/position.go:305.27,307.2 1 1
github.com/MakeNowJust/memefish/pkg/parser/position.go:309.27,309.43 1 0
github.com/MakeNowJust/memefish/pkg/parser/position.go:311.27,311.43 1 1
github.com/MakeNowJust/memefish/pkg/parser/position.go:313.30,315.2 1 0
github.com/MakeNowJust/memefish/pkg/parser/position.go:317.30,319.2 1 0
github.com/MakeNowJust/memefish/pkg/parser/position.go:321.30,321.46 1 0
github.com/MakeNowJust/memefish/pkg/parser/position.go:322.30,322.46 1 1
github.com/MakeNowJust/memefish/pkg/parser/position.go:324.31,324.47 1 0
github.com/MakeNowJust/memefish/pkg/parser/position.go:325.31,325.47 1 1
github.com/MakeNowJust/memefish/pkg/parser/position.go:327.29,327.45 1 0
github.com/MakeNowJust/memefish/pkg/parser/position.go:329.29,331.2 1 0
github.com/MakeNowJust/memefish/pkg/parser/position.go:333.29,333.45 1 0
github.com/MakeNowJust/memefish/pkg/parser/position.go:335.29,336.13 1 0
github.com/MakeNowJust/memefish/pkg/parser/position.go:336.13,338.3 1 0
github.com/MakeNowJust/memefish/pkg/parser/position.go:338.8,340.3 1 0
github.com/MakeNowJust/memefish/pkg/parser/position.go:343.28,343.44 1 0
github.com/MakeNowJust/memefish/pkg/parser/position.go:344.28,344.44 1 1
github.com/MakeNowJust/memefish/pkg/parser/position.go:346.30,346.46 1 0
github.com/MakeNowJust/memefish/pkg/parser/position.go:347.30,347.46 1 1
github.com/MakeNowJust/memefish/pkg/parser/position.go:349.31,349.47 1 1
github.com/MakeNowJust/memefish/pkg/parser/position.go:350.31,350.47 1 1
github.com/MakeNowJust/memefish/pkg/parser/position.go:352.30,352.46 1 0
github.com/MakeNowJust/memefish/pkg/parser/position.go:353.30,353.46 1 1
github.com/MakeNowJust/memefish/pkg/parser/position.go:355.29,355.45 1 1
github.com/MakeNowJust/memefish/pkg/parser/position.go:356.29,356.45 1 1
github.com/MakeNowJust/memefish/pkg/parser/position.go:358.34,358.50 1 0
github.com/MakeNowJust/memefish/pkg/parser/position.go:359.34,359.50 1 1
github.com/MakeNowJust/memefish/pkg/parser/position.go:361.26,361.42 1 0
github.com/MakeNowJust/memefish/pkg/parser/position.go:362.26,362.42 1 0
github.com/MakeNowJust/memefish/pkg/parser/position.go:364.34,364.50 1 0
github.com/MakeNowJust/memefish/pkg/parser/position.go:365.34,365.50 1 1
github.com/MakeNowJust/memefish/pkg/parser/position.go:367.34,367.50 1 0
github.com/MakeNowJust/memefish/pkg/parser/position.go:368.34,368.50 1 0
